#
# There is insufficient memory for the Java Runtime Environment to continue.
# Native memory allocation (malloc) failed to allocate 235296 bytes. Error detail: Chunk::new
# Possible reasons:
#   The system is out of physical RAM or swap space
#   This process is running with CompressedOops enabled, and the Java Heap may be blocking the growth of the native heap
# Possible solutions:
#   Reduce memory load on the system
#   Increase physical memory or swap space
#   Check if swap backing store is full
#   Decrease Java heap size (-Xmx/-Xms)
#   Decrease number of Java threads
#   Decrease Java thread stack sizes (-Xss)
#   Set larger code cache with -XX:ReservedCodeCacheSize=
#   JVM is running with Unscaled Compressed Oops mode in which the Java heap is
#     placed in the first 4GB address space. The Java Heap base address is the
#     maximum limit for the native heap growth. Please use -XX:HeapBaseMinAddress
#     to set the Java Heap base and to place the Java Heap above 4GB virtual address.
# This output file may be truncated or incomplete.
#
#  Out of Memory Error (arena.cpp:168), pid=340, tid=19564
#
# JRE version: OpenJDK Runtime Environment (21.0.5) (build 21.0.5+-13047016-b750.29)
# Java VM: OpenJDK 64-Bit Server VM (21.0.5+-13047016-b750.29, mixed mode, tiered, compressed oops, compressed class ptrs, g1 gc, windows-amd64)
# No core dump will be written. Minidumps are not enabled by default on client versions of Windows
#

---------------  S U M M A R Y ------------

Command Line: --add-opens=java.base/java.lang=ALL-UNNAMED --add-opens=java.base/java.lang.invoke=ALL-UNNAMED --add-opens=java.base/java.util=ALL-UNNAMED --add-opens=java.prefs/java.util.prefs=ALL-UNNAMED --add-exports=jdk.compiler/com.sun.tools.javac.api=ALL-UNNAMED --add-exports=jdk.compiler/com.sun.tools.javac.util=ALL-UNNAMED --add-opens=java.base/java.util=ALL-UNNAMED --add-opens=java.prefs/java.util.prefs=ALL-UNNAMED --add-opens=java.base/java.nio.charset=ALL-UNNAMED --add-opens=java.base/java.net=ALL-UNNAMED --add-opens=java.base/java.util.concurrent.atomic=ALL-UNNAMED --add-opens=java.xml/javax.xml.namespace=ALL-UNNAMED -Xmx2048m -Dfile.encoding=UTF-8 -Duser.country=RU -Duser.language=ru -Duser.variant -javaagent:C:\Users\udalo\.gradle\wrapper\dists\gradle-8.11.1-bin\bpt9gzteqjrbo1mjrsomdt32c\gradle-8.11.1\lib\agents\gradle-instrumentation-agent-8.11.1.jar org.gradle.launcher.daemon.bootstrap.GradleDaemon 8.11.1

Host: AMD Ryzen 5 3500U with Radeon Vega Mobile Gfx  , 8 cores, 6G,  Windows 11 , 64 bit Build 26100 (10.0.26100.3775)
Time: Sat Apr 19 18:25:53 2025 RTZ 2 (s 11 , 64 bit Build 26100 (10.0.26100.3775) elapsed time: 94.077874 seconds (0d 0h 1m 34s)

---------------  T H R E A D  ---------------

Current thread (0x0000025129065ca0):  JavaThread "C2 CompilerThread0" daemon [_thread_in_native, id=19564, stack(0x000000da88a00000,0x000000da88b00000) (1024K)]


Current CompileTask:
C2:94078 11729   !   4       java.util.concurrent.locks.AbstractQueuedSynchronizer::acquire (424 bytes)

Stack: [0x000000da88a00000,0x000000da88b00000]
Native frames: (J=compiled Java code, j=interpreted, Vv=VM code, C=native code)
V  [jvm.dll+0x6cfb29]
V  [jvm.dll+0x85df93]
V  [jvm.dll+0x8604ee]
V  [jvm.dll+0x860bd3]
V  [jvm.dll+0x27e6b6]
V  [jvm.dll+0xbff6d]
V  [jvm.dll+0xc04a3]
V  [jvm.dll+0x2f2750]
V  [jvm.dll+0x5fa0c9]
V  [jvm.dll+0x250d62]
V  [jvm.dll+0x249234]
V  [jvm.dll+0x24712e]
V  [jvm.dll+0x1c5ee4]
V  [jvm.dll+0x25697c]
V  [jvm.dll+0x254ec6]
V  [jvm.dll+0x3f0ce6]
V  [jvm.dll+0x806368]
V  [jvm.dll+0x6ce3fd]
C  [ucrtbase.dll+0x37b0]
C  [KERNEL32.DLL+0x2e8d7]
C  [ntdll.dll+0xb14fc]


---------------  P R O C E S S  ---------------

Threads class SMR info:
_java_thread_list=0x000002512f1df3f0, length=92, elements={
0x000002510b4565e0, 0x00000251290788b0, 0x000002512907b310, 0x0000025129083fd0,
0x0000025129084a20, 0x0000025129062e40, 0x00000251290634a0, 0x0000025129065ca0,
0x00000251290c7450, 0x000002512922d450, 0x00000251293bd3f0, 0x000002512af1c3f0,
0x000002512a109ca0, 0x000002512af14a70, 0x000002512b20ba00, 0x000002512b20c060,
0x000002512b143400, 0x000002512b144120, 0x000002512b1a6d60, 0x000002512b00b290,
0x000002512b01c1f0, 0x0000025129235780, 0x0000025129232300, 0x0000025129234a60,
0x0000025129232990, 0x0000025129233d40, 0x00000251292336b0, 0x00000251292343d0,
0x00000251292350f0, 0x0000025129233020, 0x000002512ba44d20, 0x000002512ba47b10,
0x000002512ba47480, 0x000002512ba453b0, 0x000002512ba46df0, 0x000002512ba481a0,
0x000002512ba48830, 0x000002512ba48ec0, 0x000002512ba45a40, 0x000002512ba49be0,
0x000002512ba49550, 0x000002512ba4af90, 0x000002512ba4b620, 0x000002512ba4bcb0,
0x000002512e4e7050, 0x000002512e4e5610, 0x000002512e4e9120, 0x000002512e4e76e0,
0x000002512e4e7d70, 0x000002512e4e8400, 0x000002512e4e8a90, 0x000002512e4e69c0,
0x000002512e4e5ca0, 0x000002512e4e97b0, 0x000002512e4e6330, 0x000002512e4e9e40,
0x000002512e4ecc30, 0x000002512e4eab60, 0x000002512e4ea4d0, 0x000002512e4ebf10,
0x000002512e4ec5a0, 0x00000251295ccb20, 0x00000251295cf280, 0x00000251295cded0,
0x00000251295cbe00, 0x00000251295cf910, 0x00000251295cd840, 0x00000251295cc490,
0x00000251295ce560, 0x00000251295cebf0, 0x00000251295cffa0, 0x00000251295d0630,
0x00000251295d2700, 0x00000251295d2d90, 0x00000251295d2070, 0x00000251295d0cc0,
0x00000251295d1350, 0x000002512d6eab60, 0x000002512d6e9e40, 0x000002512d6eb1f0,
0x000002512d6e9120, 0x000002512ef91e70, 0x000002512ef8f080, 0x000002512ef92b90,
0x000002512ef93220, 0x000002512ef8fda0, 0x000002512ef90ac0, 0x000002512ef938b0,
0x000002512ef90430, 0x000002512ef93f40, 0x000002512ef8f710, 0x000002512ef94c60
}

Java Threads: ( => current thread )
  0x000002510b4565e0 JavaThread "main"                              [_thread_blocked, id=10512, stack(0x000000da87c00000,0x000000da87d00000) (1024K)]
  0x00000251290788b0 JavaThread "Reference Handler"          daemon [_thread_blocked, id=17832, stack(0x000000da88400000,0x000000da88500000) (1024K)]
  0x000002512907b310 JavaThread "Finalizer"                  daemon [_thread_blocked, id=2072, stack(0x000000da88500000,0x000000da88600000) (1024K)]
  0x0000025129083fd0 JavaThread "Signal Dispatcher"          daemon [_thread_blocked, id=19100, stack(0x000000da88600000,0x000000da88700000) (1024K)]
  0x0000025129084a20 JavaThread "Attach Listener"            daemon [_thread_blocked, id=1576, stack(0x000000da88700000,0x000000da88800000) (1024K)]
  0x0000025129062e40 JavaThread "Service Thread"             daemon [_thread_blocked, id=976, stack(0x000000da88800000,0x000000da88900000) (1024K)]
  0x00000251290634a0 JavaThread "Monitor Deflation Thread"   daemon [_thread_blocked, id=11504, stack(0x000000da88900000,0x000000da88a00000) (1024K)]
=>0x0000025129065ca0 JavaThread "C2 CompilerThread0"         daemon [_thread_in_native, id=19564, stack(0x000000da88a00000,0x000000da88b00000) (1024K)]
  0x00000251290c7450 JavaThread "C1 CompilerThread0"         daemon [_thread_blocked, id=18204, stack(0x000000da88b00000,0x000000da88c00000) (1024K)]
  0x000002512922d450 JavaThread "Common-Cleaner"             daemon [_thread_blocked, id=16128, stack(0x000000da88c00000,0x000000da88d00000) (1024K)]
  0x00000251293bd3f0 JavaThread "Notification Thread"        daemon [_thread_blocked, id=18792, stack(0x000000da88d00000,0x000000da88e00000) (1024K)]
  0x000002512af1c3f0 JavaThread "Daemon health stats"               [_thread_blocked, id=18708, stack(0x000000da89300000,0x000000da89400000) (1024K)]
  0x000002512a109ca0 JavaThread "Incoming local TCP Connector on port 58198"        [_thread_in_native, id=7672, stack(0x000000da89500000,0x000000da89600000) (1024K)]
  0x000002512af14a70 JavaThread "Daemon periodic checks"            [_thread_blocked, id=15984, stack(0x000000da89600000,0x000000da89700000) (1024K)]
  0x000002512b20ba00 JavaThread "Daemon"                            [_thread_blocked, id=3608, stack(0x000000da89700000,0x000000da89800000) (1024K)]
  0x000002512b20c060 JavaThread "Handler for socket connection from /127.0.0.1:58198 to /127.0.0.1:58199"        [_thread_in_native, id=1708, stack(0x000000da89800000,0x000000da89900000) (1024K)]
  0x000002512b143400 JavaThread "Cancel handler"                    [_thread_blocked, id=11012, stack(0x000000da89900000,0x000000da89a00000) (1024K)]
  0x000002512b144120 JavaThread "Daemon worker"                     [_thread_in_native, id=10172, stack(0x000000da89a00000,0x000000da89b00000) (1024K)]
  0x000002512b1a6d60 JavaThread "Asynchronous log dispatcher for DefaultDaemonConnection: socket connection from /127.0.0.1:58198 to /127.0.0.1:58199"        [_thread_blocked, id=3296, stack(0x000000da89b00000,0x000000da89c00000) (1024K)]
  0x000002512b00b290 JavaThread "Stdin handler"                     [_thread_blocked, id=15672, stack(0x000000da89c00000,0x000000da89d00000) (1024K)]
  0x000002512b01c1f0 JavaThread "Daemon client event forwarder"        [_thread_blocked, id=19976, stack(0x000000da89d00000,0x000000da89e00000) (1024K)]
  0x0000025129235780 JavaThread "Cache worker for journal cache (C:\Users\udalo\.gradle\caches\journal-1)"        [_thread_blocked, id=5788, stack(0x000000da89400000,0x000000da89500000) (1024K)]
  0x0000025129232300 JavaThread "File lock request listener"        [_thread_in_native, id=17816, stack(0x000000da8a100000,0x000000da8a200000) (1024K)]
  0x0000025129234a60 JavaThread "Cache worker for file hash cache (C:\Users\udalo\.gradle\caches\8.11.1\fileHashes)"        [_thread_blocked, id=5804, stack(0x000000da8a200000,0x000000da8a300000) (1024K)]
  0x0000025129232990 JavaThread "Cache worker for file content cache (C:\Users\udalo\.gradle\caches\8.11.1\fileContent)"        [_thread_blocked, id=11864, stack(0x000000da8a400000,0x000000da8a500000) (1024K)]
  0x0000025129233d40 JavaThread "Cache worker for file hash cache (C:\Users\udalo\AndroidStudioProjects\MyApplication\.gradle\8.11.1\fileHashes)"        [_thread_blocked, id=12440, stack(0x000000da8a500000,0x000000da8a600000) (1024K)]
  0x00000251292336b0 JavaThread "Cache worker for Build Output Cleanup Cache (C:\Users\udalo\AndroidStudioProjects\MyApplication\.gradle\buildOutputCleanup)"        [_thread_blocked, id=8608, stack(0x000000da8a600000,0x000000da8a700000) (1024K)]
  0x00000251292343d0 JavaThread "File watcher server"        daemon [_thread_in_native, id=10200, stack(0x000000da8a700000,0x000000da8a800000) (1024K)]
  0x00000251292350f0 JavaThread "File watcher consumer"      daemon [_thread_blocked, id=11288, stack(0x000000da8a800000,0x000000da8a900000) (1024K)]
  0x0000025129233020 JavaThread "jar transforms"                    [_thread_blocked, id=4268, stack(0x000000da8a900000,0x000000da8aa00000) (1024K)]
  0x000002512ba44d20 JavaThread "jar transforms Thread 2"           [_thread_blocked, id=4888, stack(0x000000da8aa00000,0x000000da8ab00000) (1024K)]
  0x000002512ba47b10 JavaThread "jar transforms Thread 3"           [_thread_blocked, id=14204, stack(0x000000da8ab00000,0x000000da8ac00000) (1024K)]
  0x000002512ba47480 JavaThread "jar transforms Thread 4"           [_thread_blocked, id=3940, stack(0x000000da8ac00000,0x000000da8ad00000) (1024K)]
  0x000002512ba453b0 JavaThread "jar transforms Thread 5"           [_thread_blocked, id=948, stack(0x000000da8ad00000,0x000000da8ae00000) (1024K)]
  0x000002512ba46df0 JavaThread "jar transforms Thread 6"           [_thread_blocked, id=16940, stack(0x000000da8ae00000,0x000000da8af00000) (1024K)]
  0x000002512ba481a0 JavaThread "jar transforms Thread 7"           [_thread_blocked, id=15324, stack(0x000000da8af00000,0x000000da8b000000) (1024K)]
  0x000002512ba48830 JavaThread "jar transforms Thread 8"           [_thread_blocked, id=9804, stack(0x000000da8b000000,0x000000da8b100000) (1024K)]
  0x000002512ba48ec0 JavaThread "Cache worker for checksums cache (C:\Users\udalo\AndroidStudioProjects\MyApplication\.gradle\8.11.1\checksums)"        [_thread_blocked, id=7140, stack(0x000000da8a300000,0x000000da8a400000) (1024K)]
  0x000002512ba45a40 JavaThread "Cache worker for cache directory md-rule (C:\Users\udalo\.gradle\caches\8.11.1\md-rule)"        [_thread_blocked, id=16420, stack(0x000000da8b100000,0x000000da8b200000) (1024K)]
  0x000002512ba49be0 JavaThread "Cache worker for cache directory md-supplier (C:\Users\udalo\.gradle\caches\8.11.1\md-supplier)"        [_thread_blocked, id=3632, stack(0x000000da8b200000,0x000000da8b300000) (1024K)]
  0x000002512ba49550 JavaThread "Unconstrained build operations"        [_thread_blocked, id=15452, stack(0x000000da8b400000,0x000000da8b500000) (1024K)]
  0x000002512ba4af90 JavaThread "Unconstrained build operations Thread 2"        [_thread_blocked, id=19928, stack(0x000000da8b500000,0x000000da8b600000) (1024K)]
  0x000002512ba4b620 JavaThread "Unconstrained build operations Thread 3"        [_thread_blocked, id=17420, stack(0x000000da8b600000,0x000000da8b700000) (1024K)]
  0x000002512ba4bcb0 JavaThread "Unconstrained build operations Thread 4"        [_thread_blocked, id=14128, stack(0x000000da8b700000,0x000000da8b800000) (1024K)]
  0x000002512e4e7050 JavaThread "Unconstrained build operations Thread 5"        [_thread_blocked, id=18784, stack(0x000000da8b300000,0x000000da8b400000) (1024K)]
  0x000002512e4e5610 JavaThread "Unconstrained build operations Thread 6"        [_thread_blocked, id=3208, stack(0x000000da8b800000,0x000000da8b900000) (1024K)]
  0x000002512e4e9120 JavaThread "Unconstrained build operations Thread 7"        [_thread_blocked, id=10476, stack(0x000000da8b900000,0x000000da8ba00000) (1024K)]
  0x000002512e4e76e0 JavaThread "Unconstrained build operations Thread 8"        [_thread_blocked, id=13292, stack(0x000000da8ba00000,0x000000da8bb00000) (1024K)]
  0x000002512e4e7d70 JavaThread "Unconstrained build operations Thread 9"        [_thread_blocked, id=18764, stack(0x000000da8bb00000,0x000000da8bc00000) (1024K)]
  0x000002512e4e8400 JavaThread "Unconstrained build operations Thread 10"        [_thread_blocked, id=18228, stack(0x000000da8bc00000,0x000000da8bd00000) (1024K)]
  0x000002512e4e8a90 JavaThread "Unconstrained build operations Thread 11"        [_thread_blocked, id=10820, stack(0x000000da8bd00000,0x000000da8be00000) (1024K)]
  0x000002512e4e69c0 JavaThread "Unconstrained build operations Thread 12"        [_thread_blocked, id=12728, stack(0x000000da8be00000,0x000000da8bf00000) (1024K)]
  0x000002512e4e5ca0 JavaThread "Unconstrained build operations Thread 13"        [_thread_blocked, id=11104, stack(0x000000da8bf00000,0x000000da8c000000) (1024K)]
  0x000002512e4e97b0 JavaThread "Unconstrained build operations Thread 14"        [_thread_blocked, id=764, stack(0x000000da8c000000,0x000000da8c100000) (1024K)]
  0x000002512e4e6330 JavaThread "Unconstrained build operations Thread 15"        [_thread_blocked, id=9412, stack(0x000000da8c100000,0x000000da8c200000) (1024K)]
  0x000002512e4e9e40 JavaThread "Unconstrained build operations Thread 16"        [_thread_blocked, id=19420, stack(0x000000da8c200000,0x000000da8c300000) (1024K)]
  0x000002512e4ecc30 JavaThread "Unconstrained build operations Thread 17"        [_thread_blocked, id=11612, stack(0x000000da8c300000,0x000000da8c400000) (1024K)]
  0x000002512e4eab60 JavaThread "Unconstrained build operations Thread 18"        [_thread_blocked, id=14384, stack(0x000000da8c400000,0x000000da8c500000) (1024K)]
  0x000002512e4ea4d0 JavaThread "Unconstrained build operations Thread 19"        [_thread_blocked, id=3904, stack(0x000000da8c600000,0x000000da8c700000) (1024K)]
  0x000002512e4ebf10 JavaThread "Unconstrained build operations Thread 20"        [_thread_blocked, id=15408, stack(0x000000da8c700000,0x000000da8c800000) (1024K)]
  0x000002512e4ec5a0 JavaThread "Unconstrained build operations Thread 21"        [_thread_blocked, id=17220, stack(0x000000da8c800000,0x000000da8c900000) (1024K)]
  0x00000251295ccb20 JavaThread "Unconstrained build operations Thread 22"        [_thread_blocked, id=11004, stack(0x000000da8c900000,0x000000da8ca00000) (1024K)]
  0x00000251295cf280 JavaThread "Unconstrained build operations Thread 23"        [_thread_blocked, id=10232, stack(0x000000da8ca00000,0x000000da8cb00000) (1024K)]
  0x00000251295cded0 JavaThread "Unconstrained build operations Thread 24"        [_thread_blocked, id=15500, stack(0x000000da8cb00000,0x000000da8cc00000) (1024K)]
  0x00000251295cbe00 JavaThread "Unconstrained build operations Thread 25"        [_thread_blocked, id=7568, stack(0x000000da8cc00000,0x000000da8cd00000) (1024K)]
  0x00000251295cf910 JavaThread "Unconstrained build operations Thread 26"        [_thread_blocked, id=17364, stack(0x000000da8cd00000,0x000000da8ce00000) (1024K)]
  0x00000251295cd840 JavaThread "Unconstrained build operations Thread 27"        [_thread_blocked, id=5156, stack(0x000000da8ce00000,0x000000da8cf00000) (1024K)]
  0x00000251295cc490 JavaThread "Unconstrained build operations Thread 28"        [_thread_blocked, id=16172, stack(0x000000da8cf00000,0x000000da8d000000) (1024K)]
  0x00000251295ce560 JavaThread "Unconstrained build operations Thread 29"        [_thread_blocked, id=7160, stack(0x000000da8d000000,0x000000da8d100000) (1024K)]
  0x00000251295cebf0 JavaThread "Unconstrained build operations Thread 30"        [_thread_blocked, id=6556, stack(0x000000da8d100000,0x000000da8d200000) (1024K)]
  0x00000251295cffa0 JavaThread "Unconstrained build operations Thread 31"        [_thread_blocked, id=16848, stack(0x000000da8d200000,0x000000da8d300000) (1024K)]
  0x00000251295d0630 JavaThread "Unconstrained build operations Thread 32"        [_thread_blocked, id=13676, stack(0x000000da8d300000,0x000000da8d400000) (1024K)]
  0x00000251295d2700 JavaThread "Unconstrained build operations Thread 33"        [_thread_blocked, id=17252, stack(0x000000da8d400000,0x000000da8d500000) (1024K)]
  0x00000251295d2d90 JavaThread "Unconstrained build operations Thread 34"        [_thread_blocked, id=5940, stack(0x000000da8d500000,0x000000da8d600000) (1024K)]
  0x00000251295d2070 JavaThread "Unconstrained build operations Thread 35"        [_thread_blocked, id=7020, stack(0x000000da8d600000,0x000000da8d700000) (1024K)]
  0x00000251295d0cc0 JavaThread "Unconstrained build operations Thread 36"        [_thread_blocked, id=14280, stack(0x000000da8d700000,0x000000da8d800000) (1024K)]
  0x00000251295d1350 JavaThread "Unconstrained build operations Thread 37"        [_thread_blocked, id=16216, stack(0x000000da8d800000,0x000000da8d900000) (1024K)]
  0x000002512d6eab60 JavaThread "Unconstrained build operations Thread 38"        [_thread_blocked, id=18896, stack(0x000000da8d900000,0x000000da8da00000) (1024K)]
  0x000002512d6e9e40 JavaThread "Unconstrained build operations Thread 39"        [_thread_blocked, id=10016, stack(0x000000da8da00000,0x000000da8db00000) (1024K)]
  0x000002512d6eb1f0 JavaThread "Memory manager"                    [_thread_blocked, id=4472, stack(0x000000da8db00000,0x000000da8dc00000) (1024K)]
  0x000002512d6e9120 JavaThread "build event listener"              [_thread_blocked, id=1196, stack(0x000000da8dc00000,0x000000da8dd00000) (1024K)]
  0x000002512ef91e70 JavaThread "included builds"                   [_thread_blocked, id=17772, stack(0x000000da8dd00000,0x000000da8de00000) (1024K)]
  0x000002512ef8f080 JavaThread "Execution worker"                  [_thread_blocked, id=8676, stack(0x000000da8de00000,0x000000da8df00000) (1024K)]
  0x000002512ef92b90 JavaThread "Execution worker Thread 2"         [_thread_blocked, id=1668, stack(0x000000da8df00000,0x000000da8e000000) (1024K)]
  0x000002512ef93220 JavaThread "Execution worker Thread 3"         [_thread_blocked, id=11140, stack(0x000000da8e000000,0x000000da8e100000) (1024K)]
  0x000002512ef8fda0 JavaThread "Execution worker Thread 4"         [_thread_blocked, id=16576, stack(0x000000da8e100000,0x000000da8e200000) (1024K)]
  0x000002512ef90ac0 JavaThread "Execution worker Thread 5"         [_thread_blocked, id=18108, stack(0x000000da8e200000,0x000000da8e300000) (1024K)]
  0x000002512ef938b0 JavaThread "Execution worker Thread 6"         [_thread_blocked, id=9720, stack(0x000000da8e300000,0x000000da8e400000) (1024K)]
  0x000002512ef90430 JavaThread "Execution worker Thread 7"         [_thread_blocked, id=15820, stack(0x000000da8e400000,0x000000da8e500000) (1024K)]
  0x000002512ef93f40 JavaThread "Cache worker for execution history cache (C:\Users\udalo\AndroidStudioProjects\MyApplication\.gradle\8.11.1\executionHistory)"        [_thread_blocked, id=19136, stack(0x000000da8e500000,0x000000da8e600000) (1024K)]
  0x000002512ef8f710 JavaThread "idea-tooling-model-converter"        [_thread_blocked, id=17756, stack(0x000000da8c500000,0x000000da8c600000) (1024K)]
  0x000002512ef94c60 JavaThread "Unconstrained build operations Thread 40"        [_thread_blocked, id=17836, stack(0x000000da8e700000,0x000000da8e800000) (1024K)]
Total: 92

Other Threads:
  0x0000025124d0d5e0 VMThread "VM Thread"                           [id=14320, stack(0x000000da88300000,0x000000da88400000) (1024K)]
  0x0000025124cc9a80 WatcherThread "VM Periodic Task Thread"        [id=17376, stack(0x000000da88200000,0x000000da88300000) (1024K)]
  0x000002510d6a3620 WorkerThread "GC Thread#0"                     [id=18608, stack(0x000000da87d00000,0x000000da87e00000) (1024K)]
  0x0000025129a1f5b0 WorkerThread "GC Thread#1"                     [id=17568, stack(0x000000da89000000,0x000000da89100000) (1024K)]
  0x0000025129a51a30 WorkerThread "GC Thread#2"                     [id=11668, stack(0x000000da89100000,0x000000da89200000) (1024K)]
  0x000002512a477d20 WorkerThread "GC Thread#3"                     [id=20208, stack(0x000000da88f00000,0x000000da89000000) (1024K)]
  0x000002512a26a640 WorkerThread "GC Thread#4"                     [id=20072, stack(0x000000da89200000,0x000000da89300000) (1024K)]
  0x000002512a3635a0 WorkerThread "GC Thread#5"                     [id=15168, stack(0x000000da88e00000,0x000000da88f00000) (1024K)]
  0x000002512adc7b70 WorkerThread "GC Thread#6"                     [id=12400, stack(0x000000da89e00000,0x000000da89f00000) (1024K)]
  0x000002512adc77d0 WorkerThread "GC Thread#7"                     [id=20400, stack(0x000000da89f00000,0x000000da8a000000) (1024K)]
  0x000002510d6b5350 ConcurrentGCThread "G1 Main Marker"            [id=18316, stack(0x000000da87e00000,0x000000da87f00000) (1024K)]
  0x000002510d6b6500 WorkerThread "G1 Conc#0"                       [id=8624, stack(0x000000da87f00000,0x000000da88000000) (1024K)]
  0x000002512b19f240 WorkerThread "G1 Conc#1"                       [id=5736, stack(0x000000da8a000000,0x000000da8a100000) (1024K)]
  0x0000025124b91560 ConcurrentGCThread "G1 Refine#0"               [id=3440, stack(0x000000da88000000,0x000000da88100000) (1024K)]
  0x0000025124b92e90 ConcurrentGCThread "G1 Service"                [id=13616, stack(0x000000da88100000,0x000000da88200000) (1024K)]
Total: 15

Threads with active compile tasks:
C2 CompilerThread0  94196 11729   !   4       java.util.concurrent.locks.AbstractQueuedSynchronizer::acquire (424 bytes)
Total: 1

VM state: not at safepoint (normal execution)

VM Mutex/Monitor currently owned by a thread: None

Heap address: 0x0000000080000000, size: 2048 MB, Compressed Oops mode: 32-bit

CDS archive(s) not mapped
Compressed class space mapped at: 0x0000000100000000-0x0000000140000000, reserved size: 1073741824
Narrow klass base: 0x0000000000000000, Narrow klass shift: 3, Narrow klass range: 0x140000000

GC Precious Log:
 CardTable entry size: 512
 Card Set container configuration: InlinePtr #cards 5 size 8 Array Of Cards #cards 12 size 40 Howl #buckets 4 coarsen threshold 1843 Howl Bitmap #cards 512 size 80 coarsen threshold 460 Card regions per heap region 1 cards per card region 2048
 CPUs: 8 total, 8 available
 Memory: 7103M
 Large Page Support: Disabled
 NUMA Support: Disabled
 Compressed Oops: Enabled (32-bit)
 Heap Region Size: 1M
 Heap Min Capacity: 8M
 Heap Initial Capacity: 112M
 Heap Max Capacity: 2G
 Pre-touch: Disabled
 Parallel Workers: 8
 Concurrent Workers: 2
 Concurrent Refinement Workers: 8
 Periodic GC: Disabled

Heap:
 garbage-first heap   total 217088K, used 183246K [0x0000000080000000, 0x0000000100000000)
  region size 1024K, 42 young (43008K), 7 survivors (7168K)
 Metaspace       used 110553K, committed 112768K, reserved 1179648K
  class space    used 15140K, committed 16256K, reserved 1048576K

Heap Regions: E=young(eden), S=young(survivor), O=old, HS=humongous(starts), HC=humongous(continues), CS=collection set, F=free, TAMS=top-at-mark-start, PB=parsable bottom
|   0|0x0000000080000000, 0x0000000080100000, 0x0000000080100000|100%| O|  |TAMS 0x0000000080000000| PB 0x0000000080000000| Untracked 
|   1|0x0000000080100000, 0x0000000080200000, 0x0000000080200000|100%|HS|  |TAMS 0x0000000080100000| PB 0x0000000080100000| Complete 
|   2|0x0000000080200000, 0x0000000080300000, 0x0000000080300000|100%|HC|  |TAMS 0x0000000080200000| PB 0x0000000080200000| Complete 
|   3|0x0000000080300000, 0x0000000080400000, 0x0000000080400000|100%|HC|  |TAMS 0x0000000080300000| PB 0x0000000080300000| Complete 
|   4|0x0000000080400000, 0x0000000080500000, 0x0000000080500000|100%| O|  |TAMS 0x0000000080400000| PB 0x0000000080400000| Untracked 
|   5|0x0000000080500000, 0x0000000080600000, 0x0000000080600000|100%| O|  |TAMS 0x0000000080500000| PB 0x0000000080500000| Untracked 
|   6|0x0000000080600000, 0x0000000080700000, 0x0000000080700000|100%| O|  |TAMS 0x0000000080600000| PB 0x0000000080600000| Untracked 
|   7|0x0000000080700000, 0x0000000080800000, 0x0000000080800000|100%|HS|  |TAMS 0x0000000080700000| PB 0x0000000080700000| Complete 
|   8|0x0000000080800000, 0x0000000080900000, 0x0000000080900000|100%|HS|  |TAMS 0x0000000080800000| PB 0x0000000080800000| Complete 
|   9|0x0000000080900000, 0x0000000080a00000, 0x0000000080a00000|100%| O|  |TAMS 0x0000000080900000| PB 0x0000000080900000| Untracked 
|  10|0x0000000080a00000, 0x0000000080b00000, 0x0000000080b00000|100%| O|  |TAMS 0x0000000080a00000| PB 0x0000000080a00000| Untracked 
|  11|0x0000000080b00000, 0x0000000080c00000, 0x0000000080c00000|100%| O|  |TAMS 0x0000000080b00000| PB 0x0000000080b00000| Untracked 
|  12|0x0000000080c00000, 0x0000000080d00000, 0x0000000080d00000|100%| O|  |TAMS 0x0000000080c00000| PB 0x0000000080c00000| Untracked 
|  13|0x0000000080d00000, 0x0000000080e00000, 0x0000000080e00000|100%|HS|  |TAMS 0x0000000080d00000| PB 0x0000000080d00000| Complete 
|  14|0x0000000080e00000, 0x0000000080f00000, 0x0000000080f00000|100%|HC|  |TAMS 0x0000000080e00000| PB 0x0000000080e00000| Complete 
|  15|0x0000000080f00000, 0x0000000081000000, 0x0000000081000000|100%|HC|  |TAMS 0x0000000080f00000| PB 0x0000000080f00000| Complete 
|  16|0x0000000081000000, 0x0000000081100000, 0x0000000081100000|100%|HC|  |TAMS 0x0000000081000000| PB 0x0000000081000000| Complete 
|  17|0x0000000081100000, 0x0000000081200000, 0x0000000081200000|100%|HC|  |TAMS 0x0000000081100000| PB 0x0000000081100000| Complete 
|  18|0x0000000081200000, 0x0000000081300000, 0x0000000081300000|100%|HC|  |TAMS 0x0000000081200000| PB 0x0000000081200000| Complete 
|  19|0x0000000081300000, 0x0000000081400000, 0x0000000081400000|100%|HS|  |TAMS 0x0000000081300000| PB 0x0000000081300000| Complete 
|  20|0x0000000081400000, 0x0000000081500000, 0x0000000081500000|100%|HC|  |TAMS 0x0000000081400000| PB 0x0000000081400000| Complete 
|  21|0x0000000081500000, 0x0000000081600000, 0x0000000081600000|100%|HC|  |TAMS 0x0000000081500000| PB 0x0000000081500000| Complete 
|  22|0x0000000081600000, 0x0000000081700000, 0x0000000081700000|100%|HC|  |TAMS 0x0000000081600000| PB 0x0000000081600000| Complete 
|  23|0x0000000081700000, 0x0000000081800000, 0x0000000081800000|100%|HS|  |TAMS 0x0000000081700000| PB 0x0000000081700000| Complete 
|  24|0x0000000081800000, 0x0000000081900000, 0x0000000081900000|100%|HC|  |TAMS 0x0000000081800000| PB 0x0000000081800000| Complete 
|  25|0x0000000081900000, 0x0000000081a00000, 0x0000000081a00000|100%| O|  |TAMS 0x0000000081900000| PB 0x0000000081900000| Untracked 
|  26|0x0000000081a00000, 0x0000000081b00000, 0x0000000081b00000|100%| O|  |TAMS 0x0000000081a00000| PB 0x0000000081a00000| Untracked 
|  27|0x0000000081b00000, 0x0000000081c00000, 0x0000000081c00000|100%| O|  |TAMS 0x0000000081b00000| PB 0x0000000081b00000| Untracked 
|  28|0x0000000081c00000, 0x0000000081d00000, 0x0000000081d00000|100%| O|  |TAMS 0x0000000081c00000| PB 0x0000000081c00000| Untracked 
|  29|0x0000000081d00000, 0x0000000081e00000, 0x0000000081e00000|100%| O|  |TAMS 0x0000000081d00000| PB 0x0000000081d00000| Untracked 
|  30|0x0000000081e00000, 0x0000000081f00000, 0x0000000081f00000|100%| O|  |TAMS 0x0000000081e00000| PB 0x0000000081e00000| Untracked 
|  31|0x0000000081f00000, 0x0000000082000000, 0x0000000082000000|100%| O|  |TAMS 0x0000000081f00000| PB 0x0000000081f00000| Untracked 
|  32|0x0000000082000000, 0x0000000082100000, 0x0000000082100000|100%| O|  |TAMS 0x0000000082000000| PB 0x0000000082000000| Untracked 
|  33|0x0000000082100000, 0x0000000082200000, 0x0000000082200000|100%| O|  |TAMS 0x0000000082100000| PB 0x0000000082100000| Untracked 
|  34|0x0000000082200000, 0x0000000082300000, 0x0000000082300000|100%|HS|  |TAMS 0x0000000082200000| PB 0x0000000082200000| Complete 
|  35|0x0000000082300000, 0x0000000082400000, 0x0000000082400000|100%| O|  |TAMS 0x0000000082300000| PB 0x0000000082300000| Untracked 
|  36|0x0000000082400000, 0x0000000082500000, 0x0000000082500000|100%| O|  |TAMS 0x0000000082400000| PB 0x0000000082400000| Untracked 
|  37|0x0000000082500000, 0x0000000082600000, 0x0000000082600000|100%| O|Cm|TAMS 0x0000000082500000| PB 0x0000000082500000| Complete 
|  38|0x0000000082600000, 0x0000000082700000, 0x0000000082700000|100%| O|  |TAMS 0x0000000082600000| PB 0x0000000082600000| Untracked 
|  39|0x0000000082700000, 0x0000000082800000, 0x0000000082800000|100%|HS|  |TAMS 0x0000000082700000| PB 0x0000000082700000| Complete 
|  40|0x0000000082800000, 0x0000000082900000, 0x0000000082900000|100%|HC|  |TAMS 0x0000000082800000| PB 0x0000000082800000| Complete 
|  41|0x0000000082900000, 0x0000000082a00000, 0x0000000082a00000|100%| O|  |TAMS 0x0000000082900000| PB 0x0000000082900000| Untracked 
|  42|0x0000000082a00000, 0x0000000082b00000, 0x0000000082b00000|100%| O|  |TAMS 0x0000000082a00000| PB 0x0000000082a00000| Untracked 
|  43|0x0000000082b00000, 0x0000000082c00000, 0x0000000082c00000|100%| O|  |TAMS 0x0000000082b00000| PB 0x0000000082b00000| Untracked 
|  44|0x0000000082c00000, 0x0000000082d00000, 0x0000000082d00000|100%| O|  |TAMS 0x0000000082c00000| PB 0x0000000082c00000| Untracked 
|  45|0x0000000082d00000, 0x0000000082e00000, 0x0000000082e00000|100%| O|  |TAMS 0x0000000082d00000| PB 0x0000000082d00000| Untracked 
|  46|0x0000000082e00000, 0x0000000082f00000, 0x0000000082f00000|100%| O|  |TAMS 0x0000000082e00000| PB 0x0000000082e00000| Untracked 
|  47|0x0000000082f00000, 0x0000000083000000, 0x0000000083000000|100%| O|  |TAMS 0x0000000082f00000| PB 0x0000000082f00000| Untracked 
|  48|0x0000000083000000, 0x0000000083100000, 0x0000000083100000|100%| O|  |TAMS 0x0000000083000000| PB 0x0000000083000000| Untracked 
|  49|0x0000000083100000, 0x0000000083200000, 0x0000000083200000|100%| O|  |TAMS 0x0000000083100000| PB 0x0000000083100000| Untracked 
|  50|0x0000000083200000, 0x0000000083300000, 0x0000000083300000|100%| O|  |TAMS 0x0000000083200000| PB 0x0000000083200000| Untracked 
|  51|0x0000000083300000, 0x0000000083400000, 0x0000000083400000|100%| O|  |TAMS 0x0000000083300000| PB 0x0000000083300000| Untracked 
|  52|0x0000000083400000, 0x0000000083500000, 0x0000000083500000|100%|HS|  |TAMS 0x0000000083400000| PB 0x0000000083400000| Complete 
|  53|0x0000000083500000, 0x0000000083600000, 0x0000000083600000|100%|HC|  |TAMS 0x0000000083500000| PB 0x0000000083500000| Complete 
|  54|0x0000000083600000, 0x0000000083700000, 0x0000000083700000|100%|HC|  |TAMS 0x0000000083600000| PB 0x0000000083600000| Complete 
|  55|0x0000000083700000, 0x0000000083800000, 0x0000000083800000|100%|HC|  |TAMS 0x0000000083700000| PB 0x0000000083700000| Complete 
|  56|0x0000000083800000, 0x0000000083900000, 0x0000000083900000|100%|HC|  |TAMS 0x0000000083800000| PB 0x0000000083800000| Complete 
|  57|0x0000000083900000, 0x0000000083a00000, 0x0000000083a00000|100%|HC|  |TAMS 0x0000000083900000| PB 0x0000000083900000| Complete 
|  58|0x0000000083a00000, 0x0000000083b00000, 0x0000000083b00000|100%|HS|  |TAMS 0x0000000083a00000| PB 0x0000000083a00000| Complete 
|  59|0x0000000083b00000, 0x0000000083c00000, 0x0000000083c00000|100%|HC|  |TAMS 0x0000000083b00000| PB 0x0000000083b00000| Complete 
|  60|0x0000000083c00000, 0x0000000083d00000, 0x0000000083d00000|100%|HC|  |TAMS 0x0000000083c00000| PB 0x0000000083c00000| Complete 
|  61|0x0000000083d00000, 0x0000000083e00000, 0x0000000083e00000|100%|HC|  |TAMS 0x0000000083d00000| PB 0x0000000083d00000| Complete 
|  62|0x0000000083e00000, 0x0000000083f00000, 0x0000000083f00000|100%|HC|  |TAMS 0x0000000083e00000| PB 0x0000000083e00000| Complete 
|  63|0x0000000083f00000, 0x0000000084000000, 0x0000000084000000|100%|HC|  |TAMS 0x0000000083f00000| PB 0x0000000083f00000| Complete 
|  64|0x0000000084000000, 0x0000000084100000, 0x0000000084100000|100%|HS|  |TAMS 0x0000000084000000| PB 0x0000000084000000| Complete 
|  65|0x0000000084100000, 0x0000000084200000, 0x0000000084200000|100%| O|  |TAMS 0x0000000084100000| PB 0x0000000084100000| Untracked 
|  66|0x0000000084200000, 0x0000000084300000, 0x0000000084300000|100%| O|  |TAMS 0x0000000084200000| PB 0x0000000084200000| Untracked 
|  67|0x0000000084300000, 0x0000000084400000, 0x0000000084400000|100%| O|  |TAMS 0x0000000084300000| PB 0x0000000084300000| Untracked 
|  68|0x0000000084400000, 0x0000000084500000, 0x0000000084500000|100%| O|  |TAMS 0x0000000084400000| PB 0x0000000084400000| Untracked 
|  69|0x0000000084500000, 0x0000000084600000, 0x0000000084600000|100%| O|  |TAMS 0x0000000084500000| PB 0x0000000084500000| Untracked 
|  70|0x0000000084600000, 0x0000000084700000, 0x0000000084700000|100%| O|  |TAMS 0x0000000084600000| PB 0x0000000084600000| Untracked 
|  71|0x0000000084700000, 0x0000000084800000, 0x0000000084800000|100%| O|Cm|TAMS 0x0000000084700000| PB 0x0000000084700000| Complete 
|  72|0x0000000084800000, 0x0000000084900000, 0x0000000084900000|100%|HS|  |TAMS 0x0000000084800000| PB 0x0000000084800000| Complete 
|  73|0x0000000084900000, 0x0000000084a00000, 0x0000000084a00000|100%| O|  |TAMS 0x0000000084900000| PB 0x0000000084900000| Untracked 
|  74|0x0000000084a00000, 0x0000000084b00000, 0x0000000084b00000|100%| O|  |TAMS 0x0000000084a00000| PB 0x0000000084a00000| Untracked 
|  75|0x0000000084b00000, 0x0000000084c00000, 0x0000000084c00000|100%|HS|  |TAMS 0x0000000084b00000| PB 0x0000000084b00000| Complete 
|  76|0x0000000084c00000, 0x0000000084d00000, 0x0000000084d00000|100%|HC|  |TAMS 0x0000000084c00000| PB 0x0000000084c00000| Complete 
|  77|0x0000000084d00000, 0x0000000084e00000, 0x0000000084e00000|100%|HS|  |TAMS 0x0000000084d00000| PB 0x0000000084d00000| Complete 
|  78|0x0000000084e00000, 0x0000000084f00000, 0x0000000084f00000|100%|HC|  |TAMS 0x0000000084e00000| PB 0x0000000084e00000| Complete 
|  79|0x0000000084f00000, 0x0000000085000000, 0x0000000085000000|100%|HS|  |TAMS 0x0000000084f00000| PB 0x0000000084f00000| Complete 
|  80|0x0000000085000000, 0x0000000085100000, 0x0000000085100000|100%|HS|  |TAMS 0x0000000085000000| PB 0x0000000085000000| Complete 
|  81|0x0000000085100000, 0x0000000085200000, 0x0000000085200000|100%|HC|  |TAMS 0x0000000085100000| PB 0x0000000085100000| Complete 
|  82|0x0000000085200000, 0x0000000085300000, 0x0000000085300000|100%|HC|  |TAMS 0x0000000085200000| PB 0x0000000085200000| Complete 
|  83|0x0000000085300000, 0x0000000085400000, 0x0000000085400000|100%|HS|  |TAMS 0x0000000085300000| PB 0x0000000085300000| Complete 
|  84|0x0000000085400000, 0x0000000085500000, 0x0000000085500000|100%| O|  |TAMS 0x0000000085400000| PB 0x0000000085400000| Untracked 
|  85|0x0000000085500000, 0x0000000085600000, 0x0000000085600000|100%|HS|  |TAMS 0x0000000085500000| PB 0x0000000085500000| Complete 
|  86|0x0000000085600000, 0x0000000085700000, 0x0000000085700000|100%| O|  |TAMS 0x0000000085600000| PB 0x0000000085600000| Untracked 
|  87|0x0000000085700000, 0x0000000085800000, 0x0000000085800000|100%| O|  |TAMS 0x0000000085700000| PB 0x0000000085700000| Untracked 
|  88|0x0000000085800000, 0x0000000085900000, 0x0000000085900000|100%| O|  |TAMS 0x0000000085800000| PB 0x0000000085800000| Untracked 
|  89|0x0000000085900000, 0x0000000085a00000, 0x0000000085a00000|100%| O|  |TAMS 0x0000000085900000| PB 0x0000000085900000| Untracked 
|  90|0x0000000085a00000, 0x0000000085b00000, 0x0000000085b00000|100%| O|  |TAMS 0x0000000085a00000| PB 0x0000000085a00000| Untracked 
|  91|0x0000000085b00000, 0x0000000085c00000, 0x0000000085c00000|100%| O|  |TAMS 0x0000000085b00000| PB 0x0000000085b00000| Untracked 
|  92|0x0000000085c00000, 0x0000000085d00000, 0x0000000085d00000|100%|HS|  |TAMS 0x0000000085c00000| PB 0x0000000085c00000| Complete 
|  93|0x0000000085d00000, 0x0000000085e00000, 0x0000000085e00000|100%| O|  |TAMS 0x0000000085d00000| PB 0x0000000085d00000| Untracked 
|  94|0x0000000085e00000, 0x0000000085f00000, 0x0000000085f00000|100%| O|  |TAMS 0x0000000085e00000| PB 0x0000000085e00000| Untracked 
|  95|0x0000000085f00000, 0x0000000086000000, 0x0000000086000000|100%| O|  |TAMS 0x0000000085f00000| PB 0x0000000085f00000| Untracked 
|  96|0x0000000086000000, 0x0000000086100000, 0x0000000086100000|100%| O|  |TAMS 0x0000000086000000| PB 0x0000000086000000| Untracked 
|  97|0x0000000086100000, 0x0000000086200000, 0x0000000086200000|100%| O|  |TAMS 0x0000000086100000| PB 0x0000000086100000| Untracked 
|  98|0x0000000086200000, 0x0000000086300000, 0x0000000086300000|100%| O|  |TAMS 0x0000000086200000| PB 0x0000000086200000| Untracked 
|  99|0x0000000086300000, 0x0000000086400000, 0x0000000086400000|100%| O|  |TAMS 0x0000000086300000| PB 0x0000000086300000| Untracked 
| 100|0x0000000086400000, 0x0000000086500000, 0x0000000086500000|100%| O|  |TAMS 0x0000000086400000| PB 0x0000000086400000| Untracked 
| 101|0x0000000086500000, 0x0000000086600000, 0x0000000086600000|100%| O|  |TAMS 0x0000000086500000| PB 0x0000000086500000| Untracked 
| 102|0x0000000086600000, 0x0000000086700000, 0x0000000086700000|100%| O|  |TAMS 0x0000000086600000| PB 0x0000000086600000| Untracked 
| 103|0x0000000086700000, 0x0000000086800000, 0x0000000086800000|100%|HS|  |TAMS 0x0000000086700000| PB 0x0000000086700000| Complete 
| 104|0x0000000086800000, 0x0000000086900000, 0x0000000086900000|100%|HC|  |TAMS 0x0000000086800000| PB 0x0000000086800000| Complete 
| 105|0x0000000086900000, 0x0000000086a00000, 0x0000000086a00000|100%|HC|  |TAMS 0x0000000086900000| PB 0x0000000086900000| Complete 
| 106|0x0000000086a00000, 0x0000000086b00000, 0x0000000086b00000|100%| O|  |TAMS 0x0000000086a00000| PB 0x0000000086a00000| Untracked 
| 107|0x0000000086b00000, 0x0000000086c00000, 0x0000000086c00000|100%| O|  |TAMS 0x0000000086b00000| PB 0x0000000086b00000| Untracked 
| 108|0x0000000086c00000, 0x0000000086d00000, 0x0000000086d00000|100%| O|  |TAMS 0x0000000086c00000| PB 0x0000000086c00000| Untracked 
| 109|0x0000000086d00000, 0x0000000086e00000, 0x0000000086e00000|100%| O|  |TAMS 0x0000000086d00000| PB 0x0000000086d00000| Untracked 
| 110|0x0000000086e00000, 0x0000000086f00000, 0x0000000086f00000|100%| O|  |TAMS 0x0000000086e00000| PB 0x0000000086e00000| Untracked 
| 111|0x0000000086f00000, 0x0000000087000000, 0x0000000087000000|100%| O|  |TAMS 0x0000000086f00000| PB 0x0000000086f00000| Untracked 
| 112|0x0000000087000000, 0x0000000087100000, 0x0000000087100000|100%|HS|  |TAMS 0x0000000087000000| PB 0x0000000087000000| Complete 
| 113|0x0000000087100000, 0x0000000087200000, 0x0000000087200000|100%|HC|  |TAMS 0x0000000087100000| PB 0x0000000087100000| Complete 
| 114|0x0000000087200000, 0x0000000087300000, 0x0000000087300000|100%|HS|  |TAMS 0x0000000087200000| PB 0x0000000087200000| Complete 
| 115|0x0000000087300000, 0x0000000087400000, 0x0000000087400000|100%|HC|  |TAMS 0x0000000087300000| PB 0x0000000087300000| Complete 
| 116|0x0000000087400000, 0x0000000087500000, 0x0000000087500000|100%|HC|  |TAMS 0x0000000087400000| PB 0x0000000087400000| Complete 
| 117|0x0000000087500000, 0x0000000087600000, 0x0000000087600000|100%|HC|  |TAMS 0x0000000087500000| PB 0x0000000087500000| Complete 
| 118|0x0000000087600000, 0x0000000087700000, 0x0000000087700000|100%|HC|  |TAMS 0x0000000087600000| PB 0x0000000087600000| Complete 
| 119|0x0000000087700000, 0x0000000087800000, 0x0000000087800000|100%|HC|  |TAMS 0x0000000087700000| PB 0x0000000087700000| Complete 
| 120|0x0000000087800000, 0x0000000087900000, 0x0000000087900000|100%|HS|  |TAMS 0x0000000087800000| PB 0x0000000087800000| Complete 
| 121|0x0000000087900000, 0x0000000087a00000, 0x0000000087a00000|100%|HC|  |TAMS 0x0000000087900000| PB 0x0000000087900000| Complete 
| 122|0x0000000087a00000, 0x0000000087b00000, 0x0000000087b00000|100%|HC|  |TAMS 0x0000000087a00000| PB 0x0000000087a00000| Complete 
| 123|0x0000000087b00000, 0x0000000087c00000, 0x0000000087c00000|100%|HC|  |TAMS 0x0000000087b00000| PB 0x0000000087b00000| Complete 
| 124|0x0000000087c00000, 0x0000000087d00000, 0x0000000087d00000|100%|HS|  |TAMS 0x0000000087c00000| PB 0x0000000087c00000| Complete 
| 125|0x0000000087d00000, 0x0000000087e00000, 0x0000000087e00000|100%|HC|  |TAMS 0x0000000087d00000| PB 0x0000000087d00000| Complete 
| 126|0x0000000087e00000, 0x0000000087f00000, 0x0000000087f00000|100%|HS|  |TAMS 0x0000000087e00000| PB 0x0000000087e00000| Complete 
| 127|0x0000000087f00000, 0x0000000087f00000, 0x0000000088000000|  0%| F|  |TAMS 0x0000000087f00000| PB 0x0000000087f00000| Untracked 
| 128|0x0000000088000000, 0x0000000088000000, 0x0000000088100000|  0%| F|  |TAMS 0x0000000088000000| PB 0x0000000088000000| Untracked 
| 129|0x0000000088100000, 0x0000000088100000, 0x0000000088200000|  0%| F|  |TAMS 0x0000000088100000| PB 0x0000000088100000| Untracked 
| 130|0x0000000088200000, 0x0000000088200000, 0x0000000088300000|  0%| F|  |TAMS 0x0000000088200000| PB 0x0000000088200000| Untracked 
| 131|0x0000000088300000, 0x0000000088300000, 0x0000000088400000|  0%| F|  |TAMS 0x0000000088300000| PB 0x0000000088300000| Untracked 
| 132|0x0000000088400000, 0x0000000088500000, 0x0000000088500000|100%| O|  |TAMS 0x0000000088400000| PB 0x0000000088400000| Untracked 
| 133|0x0000000088500000, 0x00000000885f39a8, 0x0000000088600000| 95%| O|  |TAMS 0x0000000088500000| PB 0x0000000088500000| Untracked 
| 134|0x0000000088600000, 0x0000000088600000, 0x0000000088700000|  0%| F|  |TAMS 0x0000000088600000| PB 0x0000000088600000| Untracked 
| 135|0x0000000088700000, 0x0000000088700000, 0x0000000088800000|  0%| F|  |TAMS 0x0000000088700000| PB 0x0000000088700000| Untracked 
| 136|0x0000000088800000, 0x0000000088800000, 0x0000000088900000|  0%| F|  |TAMS 0x0000000088800000| PB 0x0000000088800000| Untracked 
| 137|0x0000000088900000, 0x0000000088900000, 0x0000000088a00000|  0%| F|  |TAMS 0x0000000088900000| PB 0x0000000088900000| Untracked 
| 138|0x0000000088a00000, 0x0000000088a00000, 0x0000000088b00000|  0%| F|  |TAMS 0x0000000088a00000| PB 0x0000000088a00000| Untracked 
| 139|0x0000000088b00000, 0x0000000088b00000, 0x0000000088c00000|  0%| F|  |TAMS 0x0000000088b00000| PB 0x0000000088b00000| Untracked 
| 140|0x0000000088c00000, 0x0000000088c00000, 0x0000000088d00000|  0%| F|  |TAMS 0x0000000088c00000| PB 0x0000000088c00000| Untracked 
| 141|0x0000000088d00000, 0x0000000088d00000, 0x0000000088e00000|  0%| F|  |TAMS 0x0000000088d00000| PB 0x0000000088d00000| Untracked 
| 142|0x0000000088e00000, 0x0000000088e00000, 0x0000000088f00000|  0%| F|  |TAMS 0x0000000088e00000| PB 0x0000000088e00000| Untracked 
| 143|0x0000000088f00000, 0x0000000088f00000, 0x0000000089000000|  0%| F|  |TAMS 0x0000000088f00000| PB 0x0000000088f00000| Untracked 
| 144|0x0000000089000000, 0x0000000089100000, 0x0000000089100000|100%| S|CS|TAMS 0x0000000089000000| PB 0x0000000089000000| Complete 
| 145|0x0000000089100000, 0x0000000089200000, 0x0000000089200000|100%| S|CS|TAMS 0x0000000089100000| PB 0x0000000089100000| Complete 
| 146|0x0000000089200000, 0x0000000089300000, 0x0000000089300000|100%| S|CS|TAMS 0x0000000089200000| PB 0x0000000089200000| Complete 
| 147|0x0000000089300000, 0x0000000089400000, 0x0000000089400000|100%| S|CS|TAMS 0x0000000089300000| PB 0x0000000089300000| Complete 
| 148|0x0000000089400000, 0x0000000089500000, 0x0000000089500000|100%| S|CS|TAMS 0x0000000089400000| PB 0x0000000089400000| Complete 
| 149|0x0000000089500000, 0x0000000089600000, 0x0000000089600000|100%| S|CS|TAMS 0x0000000089500000| PB 0x0000000089500000| Complete 
| 150|0x0000000089600000, 0x0000000089700000, 0x0000000089700000|100%| S|CS|TAMS 0x0000000089600000| PB 0x0000000089600000| Complete 
| 151|0x0000000089700000, 0x0000000089700000, 0x0000000089800000|  0%| F|  |TAMS 0x0000000089700000| PB 0x0000000089700000| Untracked 
| 152|0x0000000089800000, 0x0000000089800000, 0x0000000089900000|  0%| F|  |TAMS 0x0000000089800000| PB 0x0000000089800000| Untracked 
| 153|0x0000000089900000, 0x0000000089900000, 0x0000000089a00000|  0%| F|  |TAMS 0x0000000089900000| PB 0x0000000089900000| Untracked 
| 154|0x0000000089a00000, 0x0000000089a00000, 0x0000000089b00000|  0%| F|  |TAMS 0x0000000089a00000| PB 0x0000000089a00000| Untracked 
| 155|0x0000000089b00000, 0x0000000089b00000, 0x0000000089c00000|  0%| F|  |TAMS 0x0000000089b00000| PB 0x0000000089b00000| Untracked 
| 156|0x0000000089c00000, 0x0000000089c00000, 0x0000000089d00000|  0%| F|  |TAMS 0x0000000089c00000| PB 0x0000000089c00000| Untracked 
| 157|0x0000000089d00000, 0x0000000089d00000, 0x0000000089e00000|  0%| F|  |TAMS 0x0000000089d00000| PB 0x0000000089d00000| Untracked 
| 158|0x0000000089e00000, 0x0000000089e00000, 0x0000000089f00000|  0%| F|  |TAMS 0x0000000089e00000| PB 0x0000000089e00000| Untracked 
| 159|0x0000000089f00000, 0x0000000089f00000, 0x000000008a000000|  0%| F|  |TAMS 0x0000000089f00000| PB 0x0000000089f00000| Untracked 
| 160|0x000000008a000000, 0x000000008a000000, 0x000000008a100000|  0%| F|  |TAMS 0x000000008a000000| PB 0x000000008a000000| Untracked 
| 161|0x000000008a100000, 0x000000008a100000, 0x000000008a200000|  0%| F|  |TAMS 0x000000008a100000| PB 0x000000008a100000| Untracked 
| 162|0x000000008a200000, 0x000000008a200000, 0x000000008a300000|  0%| F|  |TAMS 0x000000008a200000| PB 0x000000008a200000| Untracked 
| 163|0x000000008a300000, 0x000000008a300000, 0x000000008a400000|  0%| F|  |TAMS 0x000000008a300000| PB 0x000000008a300000| Untracked 
| 164|0x000000008a400000, 0x000000008a400000, 0x000000008a500000|  0%| F|  |TAMS 0x000000008a400000| PB 0x000000008a400000| Untracked 
| 165|0x000000008a500000, 0x000000008a500000, 0x000000008a600000|  0%| F|  |TAMS 0x000000008a500000| PB 0x000000008a500000| Untracked 
| 166|0x000000008a600000, 0x000000008a600000, 0x000000008a700000|  0%| F|  |TAMS 0x000000008a600000| PB 0x000000008a600000| Untracked 
| 167|0x000000008a700000, 0x000000008a7d5d80, 0x000000008a800000| 83%| E|  |TAMS 0x000000008a700000| PB 0x000000008a700000| Complete 
| 168|0x000000008a800000, 0x000000008a900000, 0x000000008a900000|100%| E|CS|TAMS 0x000000008a800000| PB 0x000000008a800000| Complete 
| 169|0x000000008a900000, 0x000000008aa00000, 0x000000008aa00000|100%| E|CS|TAMS 0x000000008a900000| PB 0x000000008a900000| Complete 
| 170|0x000000008aa00000, 0x000000008ab00000, 0x000000008ab00000|100%| E|CS|TAMS 0x000000008aa00000| PB 0x000000008aa00000| Complete 
| 171|0x000000008ab00000, 0x000000008ac00000, 0x000000008ac00000|100%| E|CS|TAMS 0x000000008ab00000| PB 0x000000008ab00000| Complete 
| 172|0x000000008ac00000, 0x000000008ad00000, 0x000000008ad00000|100%| E|CS|TAMS 0x000000008ac00000| PB 0x000000008ac00000| Complete 
| 173|0x000000008ad00000, 0x000000008ae00000, 0x000000008ae00000|100%| E|CS|TAMS 0x000000008ad00000| PB 0x000000008ad00000| Complete 
| 174|0x000000008ae00000, 0x000000008af00000, 0x000000008af00000|100%| E|CS|TAMS 0x000000008ae00000| PB 0x000000008ae00000| Complete 
| 175|0x000000008af00000, 0x000000008b000000, 0x000000008b000000|100%| E|CS|TAMS 0x000000008af00000| PB 0x000000008af00000| Complete 
| 176|0x000000008b000000, 0x000000008b100000, 0x000000008b100000|100%| E|CS|TAMS 0x000000008b000000| PB 0x000000008b000000| Complete 
| 177|0x000000008b100000, 0x000000008b200000, 0x000000008b200000|100%| E|CS|TAMS 0x000000008b100000| PB 0x000000008b100000| Complete 
| 178|0x000000008b200000, 0x000000008b300000, 0x000000008b300000|100%| E|CS|TAMS 0x000000008b200000| PB 0x000000008b200000| Complete 
| 179|0x000000008b300000, 0x000000008b400000, 0x000000008b400000|100%| E|CS|TAMS 0x000000008b300000| PB 0x000000008b300000| Complete 
| 180|0x000000008b400000, 0x000000008b500000, 0x000000008b500000|100%| E|CS|TAMS 0x000000008b400000| PB 0x000000008b400000| Complete 
| 181|0x000000008b500000, 0x000000008b600000, 0x000000008b600000|100%| E|CS|TAMS 0x000000008b500000| PB 0x000000008b500000| Complete 
| 182|0x000000008b600000, 0x000000008b700000, 0x000000008b700000|100%| E|CS|TAMS 0x000000008b600000| PB 0x000000008b600000| Complete 
| 183|0x000000008b700000, 0x000000008b800000, 0x000000008b800000|100%| E|CS|TAMS 0x000000008b700000| PB 0x000000008b700000| Complete 
| 184|0x000000008b800000, 0x000000008b900000, 0x000000008b900000|100%| E|CS|TAMS 0x000000008b800000| PB 0x000000008b800000| Complete 
| 185|0x000000008b900000, 0x000000008ba00000, 0x000000008ba00000|100%| E|CS|TAMS 0x000000008b900000| PB 0x000000008b900000| Complete 
| 186|0x000000008ba00000, 0x000000008bb00000, 0x000000008bb00000|100%| E|CS|TAMS 0x000000008ba00000| PB 0x000000008ba00000| Complete 
| 187|0x000000008bb00000, 0x000000008bc00000, 0x000000008bc00000|100%| E|CS|TAMS 0x000000008bb00000| PB 0x000000008bb00000| Complete 
| 188|0x000000008bc00000, 0x000000008bd00000, 0x000000008bd00000|100%| E|CS|TAMS 0x000000008bc00000| PB 0x000000008bc00000| Complete 
| 189|0x000000008bd00000, 0x000000008be00000, 0x000000008be00000|100%| E|CS|TAMS 0x000000008bd00000| PB 0x000000008bd00000| Complete 
| 190|0x000000008be00000, 0x000000008bf00000, 0x000000008bf00000|100%| E|CS|TAMS 0x000000008be00000| PB 0x000000008be00000| Complete 
| 191|0x000000008bf00000, 0x000000008c000000, 0x000000008c000000|100%| E|CS|TAMS 0x000000008bf00000| PB 0x000000008bf00000| Complete 
| 192|0x000000008c000000, 0x000000008c100000, 0x000000008c100000|100%| E|CS|TAMS 0x000000008c000000| PB 0x000000008c000000| Complete 
| 193|0x000000008c100000, 0x000000008c200000, 0x000000008c200000|100%| E|  |TAMS 0x000000008c100000| PB 0x000000008c100000| Complete 
| 194|0x000000008c200000, 0x000000008c300000, 0x000000008c300000|100%| E|CS|TAMS 0x000000008c200000| PB 0x000000008c200000| Complete 
| 195|0x000000008c300000, 0x000000008c400000, 0x000000008c400000|100%| E|CS|TAMS 0x000000008c300000| PB 0x000000008c300000| Complete 
| 196|0x000000008c400000, 0x000000008c500000, 0x000000008c500000|100%| E|CS|TAMS 0x000000008c400000| PB 0x000000008c400000| Complete 
| 197|0x000000008c500000, 0x000000008c600000, 0x000000008c600000|100%| E|CS|TAMS 0x000000008c500000| PB 0x000000008c500000| Complete 
| 198|0x000000008c600000, 0x000000008c700000, 0x000000008c700000|100%| E|CS|TAMS 0x000000008c600000| PB 0x000000008c600000| Complete 
|2035|0x00000000ff300000, 0x00000000ff400000, 0x00000000ff400000|100%| O|  |TAMS 0x00000000ff300000| PB 0x00000000ff300000| Untracked 
|2036|0x00000000ff400000, 0x00000000ff500000, 0x00000000ff500000|100%| E|CS|TAMS 0x00000000ff400000| PB 0x00000000ff400000| Complete 
|2037|0x00000000ff500000, 0x00000000ff600000, 0x00000000ff600000|100%| E|CS|TAMS 0x00000000ff500000| PB 0x00000000ff500000| Complete 
|2038|0x00000000ff600000, 0x00000000ff700000, 0x00000000ff700000|100%| O|  |TAMS 0x00000000ff600000| PB 0x00000000ff600000| Untracked 
|2039|0x00000000ff700000, 0x00000000ff800000, 0x00000000ff800000|100%| O|  |TAMS 0x00000000ff700000| PB 0x00000000ff700000| Untracked 
|2040|0x00000000ff800000, 0x00000000ff900000, 0x00000000ff900000|100%| E|CS|TAMS 0x00000000ff800000| PB 0x00000000ff800000| Complete 
|2041|0x00000000ff900000, 0x00000000ffa00000, 0x00000000ffa00000|100%| O|  |TAMS 0x00000000ff900000| PB 0x00000000ff900000| Untracked 
|2042|0x00000000ffa00000, 0x00000000ffb00000, 0x00000000ffb00000|100%| O|  |TAMS 0x00000000ffa00000| PB 0x00000000ffa00000| Untracked 
|2043|0x00000000ffb00000, 0x00000000ffc00000, 0x00000000ffc00000|100%| O|  |TAMS 0x00000000ffb00000| PB 0x00000000ffb00000| Untracked 
|2044|0x00000000ffc00000, 0x00000000ffd00000, 0x00000000ffd00000|100%| O|  |TAMS 0x00000000ffc00000| PB 0x00000000ffc00000| Untracked 
|2045|0x00000000ffd00000, 0x00000000ffe00000, 0x00000000ffe00000|100%| O|  |TAMS 0x00000000ffd00000| PB 0x00000000ffd00000| Untracked 
|2046|0x00000000ffe00000, 0x00000000fff00000, 0x00000000fff00000|100%| O|  |TAMS 0x00000000ffe00000| PB 0x00000000ffe00000| Untracked 
|2047|0x00000000fff00000, 0x0000000100000000, 0x0000000100000000|100%| O|  |TAMS 0x00000000fff00000| PB 0x00000000fff00000| Untracked 

Card table byte_map: [0x000002511fed0000,0x00000251202d0000] _byte_map_base: 0x000002511fad0000

Marking Bits: (CMBitMap*) 0x000002510d6a3c30
 Bits: [0x00000251202d0000, 0x00000251222d0000)

Polling page: 0x000002510cd30000

Metaspace:

Usage:
  Non-class:     93.18 MB used.
      Class:     14.79 MB used.
       Both:    107.96 MB used.

Virtual space:
  Non-class space:      128.00 MB reserved,      94.25 MB ( 74%) committed,  2 nodes.
      Class space:        1.00 GB reserved,      15.88 MB (  2%) committed,  1 nodes.
             Both:        1.12 GB reserved,     110.12 MB ( 10%) committed. 

Chunk freelists:
   Non-Class:  1.47 MB
       Class:  80.00 KB
        Both:  1.55 MB

MaxMetaspaceSize: unlimited
CompressedClassSpaceSize: 1.00 GB
Initial GC threshold: 21.00 MB
Current GC threshold: 172.19 MB
CDS: off
 - commit_granule_bytes: 65536.
 - commit_granule_words: 8192.
 - virtual_space_node_default_size: 8388608.
 - enlarge_chunks_in_place: 1.
 - use_allocation_guard: 0.


Internal statistics:

num_allocs_failed_limit: 6.
num_arena_births: 4232.
num_arena_deaths: 0.
num_vsnodes_births: 3.
num_vsnodes_deaths: 0.
num_space_committed: 1762.
num_space_uncommitted: 0.
num_chunks_returned_to_freelist: 6.
num_chunks_taken_from_freelist: 8993.
num_chunk_merges: 3.
num_chunk_splits: 5851.
num_chunks_enlarged: 3683.
num_inconsistent_stats: 0.

CodeHeap 'non-profiled nmethods': size=120000Kb used=6209Kb max_used=6209Kb free=113790Kb
 bounds [0x0000025118270000, 0x0000025118890000, 0x000002511f7a0000]
CodeHeap 'profiled nmethods': size=120000Kb used=18487Kb max_used=18487Kb free=101512Kb
 bounds [0x00000251107a0000, 0x00000251119b0000, 0x0000025117cd0000]
CodeHeap 'non-nmethods': size=5760Kb used=2889Kb max_used=2939Kb free=2870Kb
 bounds [0x0000025117cd0000, 0x0000025117fc0000, 0x0000025118270000]
 total_blobs=10996 nmethods=9997 adapters=902
 compilation: enabled
              stopped_count=0, restarted_count=0
 full_count=0

Compilation events (20 events):
Event: 75.939 Thread 0x0000025129065ca0 nmethod 11719 0x000002511886c510 code [0x000002511886c6e0, 0x000002511886c8e0]
Event: 77.674 Thread 0x0000025129065ca0 11720       4       org.gradle.internal.snapshot.MerkleDirectorySnapshotBuilder::visitLeafElement (6 bytes)
Event: 77.689 Thread 0x0000025129065ca0 nmethod 11720 0x000002511886cb90 code [0x000002511886cd80, 0x000002511886d7f8]
Event: 77.689 Thread 0x0000025129065ca0 11721       4       java.util.concurrent.TimeUnit::toNanos (45 bytes)
Event: 77.690 Thread 0x0000025129065ca0 nmethod 11721 0x000002511886dc10 code [0x000002511886dda0, 0x000002511886de80]
Event: 77.724 Thread 0x0000025129065ca0 11722       4       org.gradle.internal.snapshot.impl.DirectorySnapshotterStatistics$CollectingFileVisitor::visitFile (10 bytes)
Event: 81.976 Thread 0x0000025129065ca0 nmethod 11722 0x000002511886df10 code [0x000002511886e6a0, 0x0000025118873680]
Event: 81.977 Thread 0x0000025129065ca0 11723       4       org.gradle.internal.snapshot.impl.DirectorySnapshotter$PathVisitor::visitResolvedFile (44 bytes)
Event: 83.993 Thread 0x00000251290c7450 11725       3       java.util.HashMap$Values::spliterator (16 bytes)
Event: 83.996 Thread 0x00000251290c7450 nmethod 11725 0x00000251119ad490 code [0x00000251119ad640, 0x00000251119ad800]
Event: 83.996 Thread 0x00000251290c7450 11726       3       java.util.HashMap$ValueSpliterator::<init> (12 bytes)
Event: 83.996 Thread 0x00000251290c7450 nmethod 11726 0x00000251119ad890 code [0x00000251119ada40, 0x00000251119adc70]
Event: 84.175 Thread 0x0000025129065ca0 nmethod 11723 0x0000025118877a10 code [0x0000025118878020, 0x000002511887bf10]
Event: 84.175 Thread 0x0000025129065ca0 11724       4       org.gradle.internal.snapshot.impl.DirectorySnapshotter$DefaultExcludes$EndMatcher::test (9 bytes)
Event: 84.198 Thread 0x0000025129065ca0 nmethod 11724 0x000002511887f290 code [0x000002511887f440, 0x000002511887f940]
Event: 90.313 Thread 0x0000025129065ca0 11727   !   4       java.lang.Thread::sleep (82 bytes)
Event: 90.317 Thread 0x0000025129065ca0 nmethod 11727 0x000002511887fc10 code [0x000002511887fdc0, 0x000002511887ff38]
Event: 90.985 Thread 0x0000025129065ca0 11728       4       java.util.Spliterator::getExactSizeIfKnown (25 bytes)
Event: 90.986 Thread 0x0000025129065ca0 nmethod 11728 0x0000025118880110 code [0x00000251188802a0, 0x0000025118880380]
Event: 92.039 Thread 0x0000025129065ca0 11729   !   4       java.util.concurrent.locks.AbstractQueuedSynchronizer::acquire (424 bytes)

GC Heap History (20 events):
Event: 27.216 GC heap before
{Heap before GC invocations=29 (full 0):
 garbage-first heap   total 152576K, used 140614K [0x0000000080000000, 0x0000000100000000)
  region size 1024K, 44 young (45056K), 4 survivors (4096K)
 Metaspace       used 75815K, committed 77568K, reserved 1179648K
  class space    used 10246K, committed 11136K, reserved 1048576K
}
Event: 27.223 GC heap after
{Heap after GC invocations=30 (full 0):
 garbage-first heap   total 153600K, used 106922K [0x0000000080000000, 0x0000000100000000)
  region size 1024K, 6 young (6144K), 6 survivors (6144K)
 Metaspace       used 75815K, committed 77568K, reserved 1179648K
  class space    used 10246K, committed 11136K, reserved 1048576K
}
Event: 27.951 GC heap before
{Heap before GC invocations=30 (full 0):
 garbage-first heap   total 153600K, used 137642K [0x0000000080000000, 0x0000000100000000)
  region size 1024K, 37 young (37888K), 6 survivors (6144K)
 Metaspace       used 79096K, committed 80960K, reserved 1179648K
  class space    used 10596K, committed 11520K, reserved 1048576K
}
Event: 27.957 GC heap after
{Heap after GC invocations=31 (full 0):
 garbage-first heap   total 153600K, used 107792K [0x0000000080000000, 0x0000000100000000)
  region size 1024K, 1 young (1024K), 1 survivors (1024K)
 Metaspace       used 79096K, committed 80960K, reserved 1179648K
  class space    used 10596K, committed 11520K, reserved 1048576K
}
Event: 28.818 GC heap before
{Heap before GC invocations=31 (full 0):
 garbage-first heap   total 153600K, used 137488K [0x0000000080000000, 0x0000000100000000)
  region size 1024K, 31 young (31744K), 1 survivors (1024K)
 Metaspace       used 82849K, committed 84800K, reserved 1179648K
  class space    used 11134K, committed 12096K, reserved 1048576K
}
Event: 28.825 GC heap after
{Heap after GC invocations=32 (full 0):
 garbage-first heap   total 153600K, used 110217K [0x0000000080000000, 0x0000000100000000)
  region size 1024K, 4 young (4096K), 4 survivors (4096K)
 Metaspace       used 82849K, committed 84800K, reserved 1179648K
  class space    used 11134K, committed 12096K, reserved 1048576K
}
Event: 29.385 GC heap before
{Heap before GC invocations=33 (full 0):
 garbage-first heap   total 193536K, used 142985K [0x0000000080000000, 0x0000000100000000)
  region size 1024K, 31 young (31744K), 4 survivors (4096K)
 Metaspace       used 84031K, committed 86016K, reserved 1179648K
  class space    used 11304K, committed 12288K, reserved 1048576K
}
Event: 29.393 GC heap after
{Heap after GC invocations=34 (full 0):
 garbage-first heap   total 193536K, used 114373K [0x0000000080000000, 0x0000000100000000)
  region size 1024K, 4 young (4096K), 4 survivors (4096K)
 Metaspace       used 84031K, committed 86016K, reserved 1179648K
  class space    used 11304K, committed 12288K, reserved 1048576K
}
Event: 30.519 GC heap before
{Heap before GC invocations=34 (full 0):
 garbage-first heap   total 193536K, used 162501K [0x0000000080000000, 0x0000000100000000)
  region size 1024K, 52 young (53248K), 4 survivors (4096K)
 Metaspace       used 87963K, committed 89856K, reserved 1179648K
  class space    used 11814K, committed 12736K, reserved 1048576K
}
Event: 30.526 GC heap after
{Heap after GC invocations=35 (full 0):
 garbage-first heap   total 193536K, used 116297K [0x0000000080000000, 0x0000000100000000)
  region size 1024K, 7 young (7168K), 7 survivors (7168K)
 Metaspace       used 87963K, committed 89856K, reserved 1179648K
  class space    used 11814K, committed 12736K, reserved 1048576K
}
Event: 31.719 GC heap before
{Heap before GC invocations=35 (full 0):
 garbage-first heap   total 193536K, used 166473K [0x0000000080000000, 0x0000000100000000)
  region size 1024K, 56 young (57344K), 7 survivors (7168K)
 Metaspace       used 92781K, committed 94784K, reserved 1179648K
  class space    used 12423K, committed 13440K, reserved 1048576K
}
Event: 31.727 GC heap after
{Heap after GC invocations=36 (full 0):
 garbage-first heap   total 193536K, used 118618K [0x0000000080000000, 0x0000000100000000)
  region size 1024K, 5 young (5120K), 5 survivors (5120K)
 Metaspace       used 92781K, committed 94784K, reserved 1179648K
  class space    used 12423K, committed 13440K, reserved 1048576K
}
Event: 34.040 GC heap before
{Heap before GC invocations=37 (full 0):
 garbage-first heap   total 199680K, used 171866K [0x0000000080000000, 0x0000000100000000)
  region size 1024K, 55 young (56320K), 5 survivors (5120K)
 Metaspace       used 95108K, committed 97216K, reserved 1179648K
  class space    used 12773K, committed 13824K, reserved 1048576K
}
Event: 34.049 GC heap after
{Heap after GC invocations=38 (full 0):
 garbage-first heap   total 199680K, used 125116K [0x0000000080000000, 0x0000000100000000)
  region size 1024K, 6 young (6144K), 6 survivors (6144K)
 Metaspace       used 95108K, committed 97216K, reserved 1179648K
  class space    used 12773K, committed 13824K, reserved 1048576K
}
Event: 35.280 GC heap before
{Heap before GC invocations=38 (full 0):
 garbage-first heap   total 199680K, used 180412K [0x0000000080000000, 0x0000000100000000)
  region size 1024K, 59 young (60416K), 6 survivors (6144K)
 Metaspace       used 99176K, committed 101248K, reserved 1179648K
  class space    used 13374K, committed 14400K, reserved 1048576K
}
Event: 35.288 GC heap after
{Heap after GC invocations=39 (full 0):
 garbage-first heap   total 199680K, used 126629K [0x0000000080000000, 0x0000000100000000)
  region size 1024K, 6 young (6144K), 6 survivors (6144K)
 Metaspace       used 99176K, committed 101248K, reserved 1179648K
  class space    used 13374K, committed 14400K, reserved 1048576K
}
Event: 36.651 GC heap before
{Heap before GC invocations=39 (full 0):
 garbage-first heap   total 199680K, used 180901K [0x0000000080000000, 0x0000000100000000)
  region size 1024K, 59 young (60416K), 6 survivors (6144K)
 Metaspace       used 103385K, committed 105600K, reserved 1179648K
  class space    used 14085K, committed 15168K, reserved 1048576K
}
Event: 36.659 GC heap after
{Heap after GC invocations=40 (full 0):
 garbage-first heap   total 199680K, used 128671K [0x0000000080000000, 0x0000000100000000)
  region size 1024K, 5 young (5120K), 5 survivors (5120K)
 Metaspace       used 103385K, committed 105600K, reserved 1179648K
  class space    used 14085K, committed 15168K, reserved 1048576K
}
Event: 38.105 GC heap before
{Heap before GC invocations=41 (full 0):
 garbage-first heap   total 217088K, used 195231K [0x0000000080000000, 0x0000000100000000)
  region size 1024K, 56 young (57344K), 5 survivors (5120K)
 Metaspace       used 108044K, committed 110272K, reserved 1179648K
  class space    used 14815K, committed 15936K, reserved 1048576K
}
Event: 38.115 GC heap after
{Heap after GC invocations=42 (full 0):
 garbage-first heap   total 217088K, used 149454K [0x0000000080000000, 0x0000000100000000)
  region size 1024K, 7 young (7168K), 7 survivors (7168K)
 Metaspace       used 108044K, committed 110272K, reserved 1179648K
  class space    used 14815K, committed 15936K, reserved 1048576K
}

Dll operation events (3 events):
Event: 0.021 Loaded shared library D:\Android\Android Studio\jbr\bin\java.dll
Event: 0.030 Loaded shared library D:\Android\Android Studio\jbr\bin\zip.dll
Event: 1.147 Loaded shared library D:\Android\Android Studio\jbr\bin\verify.dll

Deoptimization events (20 events):
Event: 38.122 Thread 0x000002512b144120 Uncommon trap: trap_request=0xffffff45 fr.pc=0x000002511838bff4 relative=0x00000000000006f4
Event: 38.122 Thread 0x000002512b144120 Uncommon trap: reason=unstable_if action=reinterpret pc=0x000002511838bff4 method=java.lang.Integer.stringSize(I)I @ 3 c2
Event: 38.122 Thread 0x000002512b144120 DEOPT PACKING pc=0x000002511838bff4 sp=0x000000da89afaf60
Event: 38.122 Thread 0x000002512b144120 DEOPT UNPACKING pc=0x0000025117d246a2 sp=0x000000da89afaed0 mode 2
Event: 38.595 Thread 0x000002512b144120 DEOPT PACKING pc=0x00000251110124ea sp=0x000000da89af9440
Event: 38.595 Thread 0x000002512b144120 DEOPT UNPACKING pc=0x0000025117d24e42 sp=0x000000da89af88c8 mode 0
Event: 39.354 Thread 0x000002512b144120 Uncommon trap: trap_request=0xffffff45 fr.pc=0x0000025118300ba8 relative=0x0000000000000428
Event: 39.354 Thread 0x000002512b144120 Uncommon trap: reason=unstable_if action=reinterpret pc=0x0000025118300ba8 method=java.lang.StringLatin1.compareToCI([B[B)I @ 68 c2
Event: 39.354 Thread 0x000002512b144120 DEOPT PACKING pc=0x0000025118300ba8 sp=0x000000da89af64c0
Event: 39.354 Thread 0x000002512b144120 DEOPT UNPACKING pc=0x0000025117d246a2 sp=0x000000da89af63b0 mode 2
Event: 39.892 Thread 0x000002512b144120 Uncommon trap: trap_request=0xffffff45 fr.pc=0x00000251182fdab0 relative=0x0000000000000350
Event: 39.892 Thread 0x000002512b144120 Uncommon trap: reason=unstable_if action=reinterpret pc=0x00000251182fdab0 method=java.lang.StringLatin1.compareToCI([B[B)I @ 68 c2
Event: 39.892 Thread 0x000002512b144120 DEOPT PACKING pc=0x00000251182fdab0 sp=0x000000da89af6420
Event: 39.892 Thread 0x000002512b144120 DEOPT UNPACKING pc=0x0000025117d246a2 sp=0x000000da89af63a8 mode 2
Event: 42.420 Thread 0x000002512b144120 Uncommon trap: trap_request=0xffffff45 fr.pc=0x00000251182a11f0 relative=0x00000000000002b0
Event: 42.420 Thread 0x000002512b144120 Uncommon trap: reason=unstable_if action=reinterpret pc=0x00000251182a11f0 method=java.lang.StringLatin1.compareToCI([B[B)I @ 31 c2
Event: 42.420 Thread 0x000002512b144120 DEOPT PACKING pc=0x00000251182a11f0 sp=0x000000da89af6450
Event: 42.420 Thread 0x000002512b144120 DEOPT UNPACKING pc=0x0000025117d246a2 sp=0x000000da89af63e8 mode 2
Event: 74.515 Thread 0x000002512af14a70 DEOPT PACKING pc=0x0000025110eb92d1 sp=0x000000da896fea30
Event: 74.516 Thread 0x000002512af14a70 DEOPT UNPACKING pc=0x0000025117d24e42 sp=0x000000da896fdf70 mode 0

Classes loaded (20 events):
Event: 37.669 Loading class java/util/TreeMap$AscendingSubMap
Event: 37.669 Loading class java/util/TreeMap$NavigableSubMap
Event: 37.670 Loading class java/util/TreeMap$NavigableSubMap done
Event: 37.670 Loading class java/util/TreeMap$AscendingSubMap done
Event: 37.670 Loading class java/util/TreeMap$NavigableSubMap$SubMapKeyIterator
Event: 37.671 Loading class java/util/TreeMap$NavigableSubMap$SubMapIterator
Event: 37.671 Loading class java/util/TreeMap$NavigableSubMap$SubMapIterator done
Event: 37.671 Loading class java/util/TreeMap$NavigableSubMap$SubMapKeyIterator done
Event: 37.876 Loading class java/util/IdentityHashMap$KeyIterator
Event: 37.877 Loading class java/util/IdentityHashMap$KeyIterator done
Event: 38.040 Loading class java/util/TreeMap$KeySpliterator
Event: 38.040 Loading class java/util/TreeMap$TreeMapSpliterator
Event: 38.040 Loading class java/util/TreeMap$TreeMapSpliterator done
Event: 38.040 Loading class java/util/TreeMap$KeySpliterator done
Event: 38.065 Loading class java/util/concurrent/ConcurrentLinkedQueue$Itr
Event: 38.066 Loading class java/util/concurrent/ConcurrentLinkedQueue$Itr done
Event: 38.190 Loading class java/io/PushbackInputStream
Event: 38.191 Loading class java/io/PushbackInputStream done
Event: 38.618 Loading class java/util/AbstractList$ListItr
Event: 38.622 Loading class java/util/AbstractList$ListItr done

Classes unloaded (0 events):
No events

Classes redefined (0 events):
No events

Internal exceptions (20 events):
Event: 38.030 Thread 0x000002512ef8f080 Exception <a 'java/lang/NoSuchMethodError'{0x0000000089aad480}: 'java.lang.Object java.lang.invoke.DirectMethodHandle$Holder.invokeVirtual(java.lang.Object, java.lang.Object, java.lang.Object, java.lang.Object, java.lang.Object, java.lang.Object, java.lang.Object, java.lang.Object, java.lang.Object, java.lang.Object, java.lang.Object, java.lang.Object, java.lang.Object, java.lang.Object, java.lang.Object, java.lang.Object, java.lang.Object, java.lang.Object, java.lang.Object)'> (0x0000000089aad480) 
thrown
Event: 38.051 Thread 0x000002512b01c1f0 Exception <a 'java/lang/NoSuchMethodError'{0x000000008999e620}: static Lorg/gradle/internal/build/event/types/DefaultTaskStartedProgressEvent;.<clinit>()V> (0x000000008999e620) 
thrown [s\src\hotspot\share\prims\jni.cpp, line 1135]
Event: 38.052 Thread 0x000002512b01c1f0 Exception <a 'java/lang/NoSuchMethodError'{0x00000000899a9ad8}: static Lorg/gradle/internal/build/event/types/DefaultTaskDescriptor;.<clinit>()V> (0x00000000899a9ad8) 
thrown [s\src\hotspot\share\prims\jni.cpp, line 1135]
Event: 38.061 Thread 0x000002512b01c1f0 Exception <a 'java/lang/NoSuchMethodError'{0x00000000899cc0c0}: static Lorg/gradle/internal/build/event/types/DefaultTaskFinishedProgressEvent;.<clinit>()V> (0x00000000899cc0c0) 
thrown [s\src\hotspot\share\prims\jni.cpp, line 1135]
Event: 38.063 Thread 0x000002512b01c1f0 Exception <a 'java/lang/NoSuchMethodError'{0x00000000899e24e0}: static Lorg/gradle/internal/build/event/types/DefaultTaskSuccessResult;.<clinit>()V> (0x00000000899e24e0) 
thrown [s\src\hotspot\share\prims\jni.cpp, line 1135]
Event: 38.063 Thread 0x000002512b01c1f0 Exception <a 'java/lang/NoSuchMethodError'{0x00000000899e3c20}: static Lorg/gradle/internal/build/event/types/AbstractTaskResult;.<clinit>()V> (0x00000000899e3c20) 
thrown [s\src\hotspot\share\prims\jni.cpp, line 1135]
Event: 38.118 Thread 0x000002512d6e9120 Exception <a 'java/lang/NoSuchMethodError'{0x00000000ff80ebe0}: static Ljava/lang/Object;.<clinit>()V> (0x00000000ff80ebe0) 
thrown [s\src\hotspot\share\prims\jni.cpp, line 1135]
Event: 38.121 Thread 0x000002512ef8f710 Implicit null exception at 0x000002511851e387 to 0x000002511851e44c
Event: 38.121 Thread 0x000002512d6e9120 Exception <a 'java/lang/NoSuchMethodError'{0x00000000ff89b578}: static Lorg/jetbrains/kotlin/gradle/plugin/statistics/MetricContainer;.<clinit>()V> (0x00000000ff89b578) 
thrown [s\src\hotspot\share\prims\jni.cpp, line 1135]
Event: 38.270 Thread 0x000002512ef8f710 Exception <a 'java/lang/NoSuchMethodError'{0x000000008c30ea80}: 'void java.lang.invoke.DirectMethodHandle$Holder.invokeStaticInit(java.lang.Object)'> (0x000000008c30ea80) 
thrown [s\src\hotspot\share\interpreter\linkResolver.cpp, line 784]
Event: 38.273 Thread 0x000002512ef8f710 Exception <a 'java/lang/NoSuchMethodError'{0x000000008c320468}: 'void java.lang.invoke.DirectMethodHandle$Holder.invokeStatic(java.lang.Object, int)'> (0x000000008c320468) 
thrown [s\src\hotspot\share\interpreter\linkResolver.cpp, line 784]
Event: 38.274 Thread 0x000002512ef8f710 Exception <a 'java/lang/NoSuchMethodError'{0x000000008c323828}: 'void java.lang.invoke.DirectMethodHandle$Holder.invokeStaticInit(java.lang.Object, int)'> (0x000000008c323828) 
thrown [s\src\hotspot\share\interpreter\linkResolver.cpp, line 784]
Event: 38.444 Thread 0x000002512ef8f710 Exception <a 'java/lang/NoSuchMethodError'{0x000000008bd00450}: static Lcom/intellij/gradle/toolingExtension/impl/javaModel/manifestModel/DefaultJavaGradleManifestModel;.<clinit>()V> (0x000000008bd00450) 
thrown [s\src\hotspot\share\prims\jni.cpp, line 1135]
Event: 38.449 Thread 0x000002512ef8f710 Exception <a 'java/lang/NoSuchMethodError'{0x000000008bd0f780}: static Lorg/jetbrains/kotlin/android/synthetic/idea/AndroidExtensionsGradleModelImpl;.<clinit>()V> (0x000000008bd0f780) 
thrown [s\src\hotspot\share\prims\jni.cpp, line 1135]
Event: 38.451 Thread 0x000002512ef8f710 Exception <a 'java/lang/NoSuchMethodError'{0x000000008bd18548}: static Lorg/jetbrains/kotlin/idea/gradleTooling/model/parcelize/ParcelizeGradleModelImpl;.<clinit>()V> (0x000000008bd18548) 
thrown [s\src\hotspot\share\prims\jni.cpp, line 1135]
Event: 38.453 Thread 0x000002512ef8f710 Exception <a 'java/lang/NoSuchMethodError'{0x000000008bd20570}: static Lorg/jetbrains/kotlin/idea/gradleTooling/model/assignment/AssignmentModelImpl;.<clinit>()V> (0x000000008bd20570) 
thrown [s\src\hotspot\share\prims\jni.cpp, line 1135]
Event: 38.457 Thread 0x000002512ef8f710 Exception <a 'java/lang/NoSuchMethodError'{0x000000008bd2fee8}: static Lorg/jetbrains/kotlin/idea/gradleTooling/model/samWithReceiver/SamWithReceiverModelImpl;.<clinit>()V> (0x000000008bd2fee8) 
thrown [s\src\hotspot\share\prims\jni.cpp, line 1135]
Event: 38.460 Thread 0x000002512ef8f710 Exception <a 'java/lang/NoSuchMethodError'{0x000000008bd38ed8}: static Lorg/jetbrains/kotlin/idea/gradleTooling/model/noarg/NoArgModelImpl;.<clinit>()V> (0x000000008bd38ed8) 
thrown [s\src\hotspot\share\prims\jni.cpp, line 1135]
Event: 38.462 Thread 0x000002512ef8f710 Exception <a 'java/lang/NoSuchMethodError'{0x000000008bd419e8}: static Lorg/jetbrains/kotlin/idea/gradleTooling/model/allopen/AllOpenModelImpl;.<clinit>()V> (0x000000008bd419e8) 
thrown [s\src\hotspot\share\prims\jni.cpp, line 1135]
Event: 38.478 Thread 0x000002512ef8f710 Exception <a 'java/lang/NoSuchMethodError'{0x000000008bd6dac0}: static Lorg/jetbrains/plugins/gradle/tooling/internal/VersionCatalogsModelImpl;.<clinit>()V> (0x000000008bd6dac0) 
thrown [s\src\hotspot\share\prims\jni.cpp, line 1135]

ZGC Phase Switch (0 events):
No events

VM Operations (20 events):
Event: 67.244 Executing VM operation: Cleanup
Event: 67.244 Executing VM operation: Cleanup done
Event: 68.251 Executing VM operation: Cleanup
Event: 68.251 Executing VM operation: Cleanup done
Event: 69.263 Executing VM operation: Cleanup
Event: 69.263 Executing VM operation: Cleanup done
Event: 70.275 Executing VM operation: Cleanup
Event: 70.276 Executing VM operation: Cleanup done
Event: 71.278 Executing VM operation: Cleanup
Event: 71.278 Executing VM operation: Cleanup done
Event: 72.288 Executing VM operation: Cleanup
Event: 72.289 Executing VM operation: Cleanup done
Event: 73.293 Executing VM operation: Cleanup
Event: 73.293 Executing VM operation: Cleanup done
Event: 74.301 Executing VM operation: Cleanup
Event: 74.301 Executing VM operation: Cleanup done
Event: 78.345 Executing VM operation: Cleanup
Event: 78.346 Executing VM operation: Cleanup done
Event: 83.385 Executing VM operation: Cleanup
Event: 83.385 Executing VM operation: Cleanup done

Memory protections (0 events):
No events

Nmethod flushes (20 events):
Event: 36.768 Thread 0x0000025124d0d5e0 flushing  nmethod 0x0000025110e4de10
Event: 36.768 Thread 0x0000025124d0d5e0 flushing  nmethod 0x0000025110e50b10
Event: 36.768 Thread 0x0000025124d0d5e0 flushing  nmethod 0x0000025110e51c90
Event: 36.768 Thread 0x0000025124d0d5e0 flushing  nmethod 0x0000025110eb2010
Event: 36.768 Thread 0x0000025124d0d5e0 flushing osr nmethod 0x0000025111216910
Event: 36.768 Thread 0x0000025124d0d5e0 flushing  nmethod 0x0000025111625c90
Event: 36.768 Thread 0x0000025124d0d5e0 flushing  nmethod 0x0000025111627b10
Event: 36.768 Thread 0x0000025124d0d5e0 flushing  nmethod 0x00000251116d4b90
Event: 36.768 Thread 0x0000025124d0d5e0 flushing  nmethod 0x00000251116d9410
Event: 36.768 Thread 0x0000025124d0d5e0 flushing  nmethod 0x00000251116dac90
Event: 36.768 Thread 0x0000025124d0d5e0 flushing  nmethod 0x00000251116e5190
Event: 36.768 Thread 0x0000025124d0d5e0 flushing  nmethod 0x0000025118599e90
Event: 36.768 Thread 0x0000025124d0d5e0 flushing  nmethod 0x00000251107ebc90
Event: 36.768 Thread 0x0000025124d0d5e0 flushing  nmethod 0x0000025110857b90
Event: 36.768 Thread 0x0000025124d0d5e0 flushing  nmethod 0x0000025110c27490
Event: 36.768 Thread 0x0000025124d0d5e0 flushing  nmethod 0x0000025110c6d290
Event: 36.768 Thread 0x0000025124d0d5e0 flushing  nmethod 0x000002511106d510
Event: 36.768 Thread 0x0000025124d0d5e0 flushing  nmethod 0x000002511163c310
Event: 36.768 Thread 0x0000025124d0d5e0 flushing  nmethod 0x000002511163cc10
Event: 36.768 Thread 0x0000025124d0d5e0 flushing  nmethod 0x000002511163d190

Events (20 events):
Event: 35.044 Thread 0x000002512ae0e5b0 Thread exited: 0x000002512ae0e5b0
Event: 35.655 Thread 0x00000251290c7450 Thread added: 0x000002512ea57560
Event: 35.774 Thread 0x000002512ea57560 Thread exited: 0x000002512ea57560
Event: 36.425 Thread 0x00000251290c7450 Thread added: 0x000002512fe16830
Event: 37.664 Thread 0x000002512b144120 Thread added: 0x000002512ef8fda0
Event: 37.702 Thread 0x000002512ef8fda0 Thread exited: 0x000002512ef8fda0
Event: 37.920 Thread 0x000002512b144120 Thread added: 0x000002512ef91e70
Event: 37.934 Thread 0x000002512ef91e70 Thread added: 0x000002512ef8f080
Event: 37.934 Thread 0x000002512ef91e70 Thread added: 0x000002512ef92b90
Event: 37.934 Thread 0x000002512ef91e70 Thread added: 0x000002512ef93220
Event: 37.934 Thread 0x000002512ef91e70 Thread added: 0x000002512ef8fda0
Event: 37.934 Thread 0x000002512ef91e70 Thread added: 0x000002512ef90ac0
Event: 37.934 Thread 0x000002512ef91e70 Thread added: 0x000002512ef938b0
Event: 37.934 Thread 0x000002512ef91e70 Thread added: 0x000002512ef90430
Event: 37.969 Thread 0x000002512ef8f080 Thread added: 0x000002512ef93f40
Event: 37.970 Thread 0x000002512fe16830 Thread exited: 0x000002512fe16830
Event: 38.119 Thread 0x000002512b144120 Thread added: 0x000002512ef8f710
Event: 38.455 Thread 0x00000251290c7450 Thread added: 0x000002512cbdcc10
Event: 38.728 Thread 0x000002512b144120 Thread added: 0x000002512ef94c60
Event: 38.800 Thread 0x000002512cbdcc10 Thread exited: 0x000002512cbdcc10


Dynamic libraries:
0x00007ff6ccd10000 - 0x00007ff6ccd1a000 	D:\Android\Android Studio\jbr\bin\java.exe
0x00007ffe1d0e0000 - 0x00007ffe1d340000 	C:\WINDOWS\SYSTEM32\ntdll.dll
0x00007ffe1ba80000 - 0x00007ffe1bb47000 	C:\WINDOWS\System32\KERNEL32.DLL
0x00007ffe1a9a0000 - 0x00007ffe1ad6a000 	C:\WINDOWS\System32\KERNELBASE.dll
0x00007ffe1a850000 - 0x00007ffe1a99b000 	C:\WINDOWS\System32\ucrtbase.dll
0x00007ffe0f3c0000 - 0x00007ffe0f3d8000 	D:\Android\Android Studio\jbr\bin\jli.dll
0x00007ffe0e850000 - 0x00007ffe0e86b000 	D:\Android\Android Studio\jbr\bin\VCRUNTIME140.dll
0x00007ffe1c430000 - 0x00007ffe1c5fc000 	C:\WINDOWS\System32\USER32.dll
0x00007ffe00050000 - 0x00007ffe002e7000 	C:\WINDOWS\WinSxS\amd64_microsoft.windows.common-controls_6595b64144ccf1df_6.0.26100.3624_none_3e086962e3345f24\COMCTL32.dll
0x00007ffe1a6a0000 - 0x00007ffe1a6c7000 	C:\WINDOWS\System32\win32u.dll
0x00007ffe1c380000 - 0x00007ffe1c429000 	C:\WINDOWS\System32\msvcrt.dll
0x00007ffe1cf00000 - 0x00007ffe1cf2a000 	C:\WINDOWS\System32\GDI32.dll
0x00007ffe1a560000 - 0x00007ffe1a691000 	C:\WINDOWS\System32\gdi32full.dll
0x00007ffe1a4b0000 - 0x00007ffe1a553000 	C:\WINDOWS\System32\msvcp_win.dll
0x00007ffe1c6b0000 - 0x00007ffe1c6df000 	C:\WINDOWS\System32\IMM32.DLL
0x00007ffe13960000 - 0x00007ffe1396c000 	D:\Android\Android Studio\jbr\bin\vcruntime140_1.dll
0x00007ffdcbe20000 - 0x00007ffdcbead000 	D:\Android\Android Studio\jbr\bin\msvcp140.dll
0x00007ffd679b0000 - 0x00007ffd6863a000 	D:\Android\Android Studio\jbr\bin\server\jvm.dll
0x00007ffe1b130000 - 0x00007ffe1b1e2000 	C:\WINDOWS\System32\ADVAPI32.dll
0x00007ffe1c600000 - 0x00007ffe1c6a6000 	C:\WINDOWS\System32\sechost.dll
0x00007ffe1b3f0000 - 0x00007ffe1b506000 	C:\WINDOWS\System32\RPCRT4.dll
0x00007ffe1afc0000 - 0x00007ffe1b034000 	C:\WINDOWS\System32\WS2_32.dll
0x00007ffe1a130000 - 0x00007ffe1a18e000 	C:\WINDOWS\SYSTEM32\POWRPROF.dll
0x00007ffe17f20000 - 0x00007ffe17f56000 	C:\WINDOWS\SYSTEM32\WINMM.dll
0x00007ffe0d1d0000 - 0x00007ffe0d1db000 	C:\WINDOWS\SYSTEM32\VERSION.dll
0x00007ffe1a0f0000 - 0x00007ffe1a104000 	C:\WINDOWS\SYSTEM32\UMPDC.dll
0x00007ffe190d0000 - 0x00007ffe190ea000 	C:\WINDOWS\SYSTEM32\kernel.appcore.dll
0x00007ffe12620000 - 0x00007ffe1262a000 	D:\Android\Android Studio\jbr\bin\jimage.dll
0x00007ffe176c0000 - 0x00007ffe17901000 	C:\WINDOWS\SYSTEM32\DBGHELP.DLL
0x00007ffe1b6f0000 - 0x00007ffe1ba72000 	C:\WINDOWS\System32\combase.dll
0x00007ffe1aee0000 - 0x00007ffe1afb6000 	C:\WINDOWS\System32\OLEAUT32.dll
0x00007ffdfc570000 - 0x00007ffdfc5a9000 	C:\WINDOWS\SYSTEM32\dbgcore.DLL
0x00007ffe1a2c0000 - 0x00007ffe1a359000 	C:\WINDOWS\System32\bcryptPrimitives.dll
0x00007ffe01f80000 - 0x00007ffe01f8e000 	D:\Android\Android Studio\jbr\bin\instrument.dll
0x00007ffe0b7c0000 - 0x00007ffe0b7e0000 	D:\Android\Android Studio\jbr\bin\java.dll
0x00007ffe0b7a0000 - 0x00007ffe0b7b8000 	D:\Android\Android Studio\jbr\bin\zip.dll
0x00007ffe1c7d0000 - 0x00007ffe1cef9000 	C:\WINDOWS\System32\SHELL32.dll
0x00007ffe1ad70000 - 0x00007ffe1aed8000 	C:\WINDOWS\System32\wintypes.dll
0x00007ffe17fa0000 - 0x00007ffe187f2000 	C:\WINDOWS\SYSTEM32\windows.storage.dll
0x00007ffe1b280000 - 0x00007ffe1b36d000 	C:\WINDOWS\System32\SHCORE.dll
0x00007ffe1b090000 - 0x00007ffe1b0f4000 	C:\WINDOWS\System32\shlwapi.dll
0x00007ffe1a1d0000 - 0x00007ffe1a1ff000 	C:\WINDOWS\SYSTEM32\profapi.dll
0x00007ffe125f0000 - 0x00007ffe12600000 	D:\Android\Android Studio\jbr\bin\net.dll
0x00007ffe12110000 - 0x00007ffe1222d000 	C:\WINDOWS\SYSTEM32\WINHTTP.dll
0x00007ffe195f0000 - 0x00007ffe1965a000 	C:\WINDOWS\system32\mswsock.dll
0x00007ffe0b690000 - 0x00007ffe0b6a6000 	D:\Android\Android Studio\jbr\bin\nio.dll
0x00007ffe15d20000 - 0x00007ffe15d30000 	D:\Android\Android Studio\jbr\bin\verify.dll
0x00007ffe0b820000 - 0x00007ffe0b847000 	C:\Users\udalo\.gradle\native\c067742578af261105cb4f569cf0c3c89f3d7b1fecec35dd04571415982c5e48\windows-amd64\native-platform.dll
0x00007ffdc3510000 - 0x00007ffdc3654000 	C:\Users\udalo\.gradle\native\100fb08df4bc3b14c8652ba06237920a3bd2aa13389f12d3474272988ae205f9\windows-amd64\native-platform-file-events.dll
0x00007ffe0ed10000 - 0x00007ffe0ed19000 	D:\Android\Android Studio\jbr\bin\management.dll
0x00007ffe0c5e0000 - 0x00007ffe0c5eb000 	D:\Android\Android Studio\jbr\bin\management_ext.dll
0x00007ffe1cf30000 - 0x00007ffe1cf38000 	C:\WINDOWS\System32\PSAPI.DLL
0x00007ffe198a0000 - 0x00007ffe198bc000 	C:\WINDOWS\SYSTEM32\CRYPTSP.dll
0x00007ffe19030000 - 0x00007ffe1906a000 	C:\WINDOWS\system32\rsaenh.dll
0x00007ffe19690000 - 0x00007ffe196bb000 	C:\WINDOWS\SYSTEM32\USERENV.dll
0x00007ffe1a1a0000 - 0x00007ffe1a1c6000 	C:\WINDOWS\SYSTEM32\bcrypt.dll
0x00007ffe19890000 - 0x00007ffe1989c000 	C:\WINDOWS\SYSTEM32\CRYPTBASE.dll
0x00007ffe18b00000 - 0x00007ffe18b33000 	C:\WINDOWS\SYSTEM32\IPHLPAPI.DLL
0x00007ffe1b270000 - 0x00007ffe1b27a000 	C:\WINDOWS\System32\NSI.dll
0x00007ffe11880000 - 0x00007ffe11889000 	D:\Android\Android Studio\jbr\bin\extnet.dll
0x00007ffd77bb0000 - 0x00007ffd77bb8000 	C:\WINDOWS\system32\wshunix.dll

dbghelp: loaded successfully - version: 4.0.5 - missing functions: none
symbol engine: initialized successfully - sym options: 0x614 - pdb path: .;D:\Android\Android Studio\jbr\bin;C:\WINDOWS\SYSTEM32;C:\WINDOWS\WinSxS\amd64_microsoft.windows.common-controls_6595b64144ccf1df_6.0.26100.3624_none_3e086962e3345f24;D:\Android\Android Studio\jbr\bin\server;C:\Users\udalo\.gradle\native\c067742578af261105cb4f569cf0c3c89f3d7b1fecec35dd04571415982c5e48\windows-amd64;C:\Users\udalo\.gradle\native\100fb08df4bc3b14c8652ba06237920a3bd2aa13389f12d3474272988ae205f9\windows-amd64

VM Arguments:
jvm_args: --add-opens=java.base/java.lang=ALL-UNNAMED --add-opens=java.base/java.lang.invoke=ALL-UNNAMED --add-opens=java.base/java.util=ALL-UNNAMED --add-opens=java.prefs/java.util.prefs=ALL-UNNAMED --add-exports=jdk.compiler/com.sun.tools.javac.api=ALL-UNNAMED --add-exports=jdk.compiler/com.sun.tools.javac.util=ALL-UNNAMED --add-opens=java.base/java.util=ALL-UNNAMED --add-opens=java.prefs/java.util.prefs=ALL-UNNAMED --add-opens=java.base/java.nio.charset=ALL-UNNAMED --add-opens=java.base/java.net=ALL-UNNAMED --add-opens=java.base/java.util.concurrent.atomic=ALL-UNNAMED --add-opens=java.xml/javax.xml.namespace=ALL-UNNAMED -Xmx2048m -Dfile.encoding=UTF-8 -Duser.country=RU -Duser.language=ru -Duser.variant -javaagent:C:\Users\udalo\.gradle\wrapper\dists\gradle-8.11.1-bin\bpt9gzteqjrbo1mjrsomdt32c\gradle-8.11.1\lib\agents\gradle-instrumentation-agent-8.11.1.jar 
java_command: org.gradle.launcher.daemon.bootstrap.GradleDaemon 8.11.1
java_class_path (initial): C:\Users\udalo\.gradle\wrapper\dists\gradle-8.11.1-bin\bpt9gzteqjrbo1mjrsomdt32c\gradle-8.11.1\lib\gradle-daemon-main-8.11.1.jar
Launcher Type: SUN_STANDARD

[Global flags]
     intx CICompilerCount                          = 4                                         {product} {ergonomic}
     uint ConcGCThreads                            = 2                                         {product} {ergonomic}
     uint G1ConcRefinementThreads                  = 8                                         {product} {ergonomic}
   size_t G1HeapRegionSize                         = 1048576                                   {product} {ergonomic}
    uintx GCDrainStackTargetSize                   = 64                                        {product} {ergonomic}
   size_t InitialHeapSize                          = 117440512                                 {product} {ergonomic}
   size_t MarkStackSize                            = 4194304                                   {product} {ergonomic}
   size_t MaxHeapSize                              = 2147483648                                {product} {command line}
   size_t MaxNewSize                               = 1287651328                                {product} {ergonomic}
   size_t MinHeapDeltaBytes                        = 1048576                                   {product} {ergonomic}
   size_t MinHeapSize                              = 8388608                                   {product} {ergonomic}
    uintx NonNMethodCodeHeapSize                   = 5839372                                {pd product} {ergonomic}
    uintx NonProfiledCodeHeapSize                  = 122909434                              {pd product} {ergonomic}
    uintx ProfiledCodeHeapSize                     = 122909434                              {pd product} {ergonomic}
    uintx ReservedCodeCacheSize                    = 251658240                              {pd product} {ergonomic}
     bool SegmentedCodeCache                       = true                                      {product} {ergonomic}
   size_t SoftMaxHeapSize                          = 2147483648                             {manageable} {ergonomic}
     bool UseCompressedOops                        = true                           {product lp64_product} {ergonomic}
     bool UseG1GC                                  = true                                      {product} {ergonomic}
     bool UseLargePagesIndividualAllocation        = false                                  {pd product} {ergonomic}

Logging:
Log output configuration:
 #0: stdout all=warning uptime,level,tags foldmultilines=false
 #1: stderr all=off uptime,level,tags foldmultilines=false

Environment Variables:
PATH=C:\Program Files (x86)\NVIDIA Corporation\PhysX\Common;C:\WINDOWS\system32;C:\WINDOWS;C:\WINDOWS\System32\Wbem;C:\WINDOWS\System32\WindowsPowerShell\v1.0\;C:\WINDOWS\System32\OpenSSH\;C:\Users\udalo\AppData\Local\Microsoft\WindowsApps;
USERNAME=
OS=Windows_NT
PROCESSOR_IDENTIFIER=AMD64 Family 23 Model 24 Stepping 1, AuthenticAMD
TMP=C:\Users\udalo\AppData\Local\Temp
TEMP=C:\Users\udalo\AppData\Local\Temp




Periodic native trim disabled

JNI global refs:
JNI global refs: 28, weak refs: 0

JNI global refs memory usage: 835, weak refs: 833

Process memory usage:
Resident Set Size: 63212K (0% of 7274124K total physical memory with 769696K free physical memory)

OOME stack traces (most recent first):
Classloader memory used:
Loader org.gradle.internal.classloader.VisitableURLClassLoader                         : 41708K
Loader bootstrap                                                                       : 27666K
Loader org.gradle.internal.classloader.VisitableURLClassLoader$InstrumentingVisitableURLClassLoader: 25328K
Loader org.gradle.initialization.MixInLegacyTypesClassLoader                           : 12501K
Loader org.gradle.internal.classloader.VisitableURLClassLoader                         : 1938K
Loader jdk.internal.loader.ClassLoaders$PlatformClassLoader                            : 538K
Loader jdk.internal.reflect.DelegatingClassLoader                                      : 497K
Loader jdk.internal.loader.ClassLoaders$AppClassLoader                                 : 234K
Loader org.gradle.groovy.scripts.internal.DefaultScriptCompilationHandler$ScriptClassLoader: 88408B
Loader org.codehaus.groovy.runtime.callsite.CallSiteClassLoader                        : 53080B


[error occurred during error reporting (Classloader stats), id 0xe0000001, Out of Memory Error (s\src\hotspot\share\memory\arena.cpp:168)]
---------------  S Y S T E M  ---------------

OS:
 Windows 11 , 64 bit Build 26100 (10.0.26100.3775)
OS uptime: 1 days 0:00 hours

CPU: total 8 (initial active 8) (8 cores per cpu, 2 threads per core) family 23 model 24 stepping 1 microcode 0x8108109, cx8, cmov, fxsr, ht, mmx, 3dnowpref, sse, sse2, sse3, ssse3, sse4a, sse4.1, sse4.2, popcnt, lzcnt, tsc, tscinvbit, avx, avx2, aes, clmul, bmi1, bmi2, adx, sha, fma, vzeroupper, clflush, clflushopt, rdtscp, f16c
Processor Information for all 8 processors :
  Max Mhz: 2100, Current Mhz: 1400, Mhz Limit: 2100

Memory: 4k page, system-wide physical 7103M (720M free)
TotalPageFile size 17343M (AvailPageFile size 0M)
current process WorkingSet (physical memory assigned to process): 75M, peak: 460M
current process commit charge ("private bytes"): 512M, peak: 535M

vm_info: OpenJDK 64-Bit Server VM (21.0.5+-13047016-b750.29) for windows-amd64 JRE (21.0.5+-13047016-b750.29), built on 2025-02-11T21:12:39Z by "builder" with MS VC++ 16.10 / 16.11 (VS2019)

END.
